<acceptance-test-run title="Delete employee salary job" name="deleteEmployeeSalaryJob" steps="9" successful="5" failures="0" errors="1" skipped="3" ignored="0" pending="0" annotated-result="ERROR" result="ERROR" duration="138911" timestamp="2017-06-16T08:55:03.351+05:00" session-id="0957e8c7-9fef-4310-8592-b5bd1e04299c">
  <user-story id="com.aptafund.test.features.login.HumanResource.EmployeeJobsTest" name="Employee jobs test" path="com.aptafund.test.features.login.HumanResource"/>
  <tags>
    <tag name="High" type="Priority"/>
    <tag name="Regression Level 1" type="release"/>
    <tag name="Employee jobs test" type="story"/>
  </tags>
  <test-step result="SUCCESS" duration="11575">
    <description>Navigate to login page</description>
  </test-step>
  <test-step result="SUCCESS" duration="6607">
    <description>Login into apta</description>
  </test-step>
  <test-step result="SUCCESS" duration="14218">
    <description>Navigate to payroll</description>
  </test-step>
  <test-step result="SUCCESS" duration="8553">
    <description>Navigate to employee jobs</description>
  </test-step>
  <test-step result="SUCCESS" duration="64303">
    <description>Add new employee job</description>
  </test-step>
  <test-step result="ERROR" duration="33648">
    <screenshots>
      <screenshot image="fe83c89af195b0f4bb141326dbd35700.png" source="pagesource5952332053848067019.html.txt"/>
    </screenshots>
    <description>Verify salary</description>
    <error>org.openqa.selenium.NoSuchElementException: Timed out after 25 seconds waiting for net.serenitybdd.core.pages.WebElementFacadeImpl$1@b34832b
Build info: version: &apos;2.53.0&apos;, revision: &apos;35ae25b1534ae328c771e0856c93e187490ca824&apos;, time: &apos;2016-03-15 10:43:46&apos;
System info: host: &apos;ShariqM-PC&apos;, ip: &apos;10.14.5.80&apos;, os.name: &apos;Windows 8.1&apos;, os.arch: &apos;amd64&apos;, os.version: &apos;6.3&apos;, java.version: &apos;1.8.0_45&apos;
Driver info: driver.version: unknown
For documentation on this error, please visit: http://seleniumhq.org/exceptions/no_such_element.html
Build info: version: &apos;2.53.0&apos;, revision: &apos;35ae25b1534ae328c771e0856c93e187490ca824&apos;, time: &apos;2016-03-15 10:43:46&apos;
System info: host: &apos;ShariqM-PC&apos;, ip: &apos;10.14.5.80&apos;, os.name: &apos;Windows 8.1&apos;, os.arch: &apos;amd64&apos;, os.version: &apos;6.3&apos;, java.version: &apos;1.8.0_45&apos;
Driver info: driver.version: unknown</error>
    <exception>org.openqa.selenium.NoSuchElementException:Timed out after 25 seconds waiting for net.serenitybdd.core.pages.WebElementFacadeImpl$1@b34832b
Build info: version: &apos;2.53.0&apos;, revision: &apos;35ae25b1534ae328c771e0856c93e187490ca824&apos;, time: &apos;2016-03-15 10:43:46&apos;
System info: host: &apos;ShariqM-PC&apos;, ip: &apos;10.14.5.80&apos;, os.name: &apos;Windows 8.1&apos;, os.arch: &apos;amd64&apos;, os.version: &apos;6.3&apos;, java.version: &apos;1.8.0_45&apos;
Driver info: driver.version: unknown
For documentation on this error, please visit: http://seleniumhq.org/exceptions/no_such_element.html
Build info: version: &apos;2.53.0&apos;, revision: &apos;35ae25b1534ae328c771e0856c93e187490ca824&apos;, time: &apos;2016-03-15 10:43:46&apos;
System info: host: &apos;ShariqM-PC&apos;, ip: &apos;10.14.5.80&apos;, os.name: &apos;Windows 8.1&apos;, os.arch: &apos;amd64&apos;, os.version: &apos;6.3&apos;, java.version: &apos;1.8.0_45&apos;
Driver info: driver.version: unknown&#xd;
[com.aptafund.test.pages.hrPayrollESS.EmployeeJobsPage.getCycleSalary(EmployeeJobsPage.java:139), com.aptafund.test.steps.HRPayrollESS.EmployeeJobsSteps.verifySalary(EmployeeJobsSteps.java:76), com.aptafund.test.features.login.HumanResource.EmployeeJobsTest.deleteEmployeeSalaryJob(EmployeeJobsTest.java:94)]</exception>
  </test-step>
  <test-step result="SKIPPED" duration="1">
    <description>Click on cancel button</description>
  </test-step>
  <test-step result="SKIPPED" duration="0">
    <description>Click sort job status</description>
  </test-step>
  <test-step result="SKIPPED" duration="0">
    <description>Click delete button</description>
  </test-step>
</acceptance-test-run>