{"name":"deleteEmployeeSalaryJob","testCaseName":"com.aptafund.test.features.login.HumanResource.EmployeeJobsTest","testSteps":[{"number":1,"description":"Navigate to login page","duration":11575,"startTime":1497585303351,"result":"SUCCESS"},{"number":2,"description":"Login into apta","duration":6607,"startTime":1497585314926,"result":"SUCCESS"},{"number":3,"description":"Navigate to payroll","duration":14218,"startTime":1497585321534,"result":"SUCCESS"},{"number":4,"description":"Navigate to employee jobs","duration":8553,"startTime":1497585335753,"result":"SUCCESS"},{"number":5,"description":"Add new employee job","duration":64303,"startTime":1497585344306,"result":"SUCCESS"},{"number":6,"description":"Verify salary","duration":33648,"startTime":1497585408610,"screenshots":[{"screenshot":"fe83c89af195b0f4bb141326dbd35700.png","htmlSource":"pagesource5952332053848067019.html.txt"}],"exception":{"errorType":"org.openqa.selenium.NoSuchElementException","message":"Timed out after 25 seconds waiting for net.serenitybdd.core.pages.WebElementFacadeImpl$1@b34832b\nBuild info: version: \u00272.53.0\u0027, revision: \u002735ae25b1534ae328c771e0856c93e187490ca824\u0027, time: \u00272016-03-15 10:43:46\u0027\nSystem info: host: \u0027ShariqM-PC\u0027, ip: \u002710.14.5.80\u0027, os.name: \u0027Windows 8.1\u0027, os.arch: \u0027amd64\u0027, os.version: \u00276.3\u0027, java.version: \u00271.8.0_45\u0027\nDriver info: driver.version: unknown\nFor documentation on this error, please visit: http://seleniumhq.org/exceptions/no_such_element.html\nBuild info: version: \u00272.53.0\u0027, revision: \u002735ae25b1534ae328c771e0856c93e187490ca824\u0027, time: \u00272016-03-15 10:43:46\u0027\nSystem info: host: \u0027ShariqM-PC\u0027, ip: \u002710.14.5.80\u0027, os.name: \u0027Windows 8.1\u0027, os.arch: \u0027amd64\u0027, os.version: \u00276.3\u0027, java.version: \u00271.8.0_45\u0027\nDriver info: driver.version: unknown","stackTrace":[{"declaringClass":"com.aptafund.test.pages.hrPayrollESS.EmployeeJobsPage","methodName":"getCycleSalary","fileName":"EmployeeJobsPage.java","lineNumber":139},{"declaringClass":"com.aptafund.test.steps.HRPayrollESS.EmployeeJobsSteps","methodName":"verifySalary","fileName":"EmployeeJobsSteps.java","lineNumber":76},{"declaringClass":"com.aptafund.test.features.login.HumanResource.EmployeeJobsTest","methodName":"deleteEmployeeSalaryJob","fileName":"EmployeeJobsTest.java","lineNumber":94}],"COLLAPSE_NEW_LINE_HINTS":["AssertionError","Expected","Expecting","ComparisonFailure"]},"result":"ERROR"},{"number":7,"description":"Click on cancel button","duration":1,"startTime":1497585442258,"result":"SKIPPED"},{"number":8,"description":"Click sort job status","duration":0,"startTime":1497585442259,"result":"SKIPPED"},{"number":9,"description":"Click delete button","duration":0,"startTime":1497585442260,"result":"SKIPPED"}],"userStory":{"id":"com.aptafund.test.features.login.HumanResource.EmployeeJobsTest","storyName":"Employee jobs test","storyClassName":"com.aptafund.test.features.login.HumanResource.EmployeeJobsTest","path":"com.aptafund.test.features.login.HumanResource","type":"story"},"title":"Delete employee salary job","tags":[{"name":"High","type":"Priority"},{"name":"Employee jobs test","type":"story"},{"name":"Regression Level 1","type":"release"}],"startTime":1497585303351,"duration":138911,"testFailureCause":{"errorType":"org.openqa.selenium.NoSuchElementException","message":"Timed out after 25 seconds waiting for net.serenitybdd.core.pages.WebElementFacadeImpl$1@b34832b\nBuild info: version: \u00272.53.0\u0027, revision: \u002735ae25b1534ae328c771e0856c93e187490ca824\u0027, time: \u00272016-03-15 10:43:46\u0027\nSystem info: host: \u0027ShariqM-PC\u0027, ip: \u002710.14.5.80\u0027, os.name: \u0027Windows 8.1\u0027, os.arch: \u0027amd64\u0027, os.version: \u00276.3\u0027, java.version: \u00271.8.0_45\u0027\nDriver info: driver.version: unknown\nFor documentation on this error, please visit: http://seleniumhq.org/exceptions/no_such_element.html\nBuild info: version: \u00272.53.0\u0027, revision: \u002735ae25b1534ae328c771e0856c93e187490ca824\u0027, time: \u00272016-03-15 10:43:46\u0027\nSystem info: host: \u0027ShariqM-PC\u0027, ip: \u002710.14.5.80\u0027, os.name: \u0027Windows 8.1\u0027, os.arch: \u0027amd64\u0027, os.version: \u00276.3\u0027, java.version: \u00271.8.0_45\u0027\nDriver info: driver.version: unknown\nFor documentation on this error, please visit: http://seleniumhq.org/exceptions/no_such_element.html\nBuild info: version: \u00272.53.0\u0027, revision: \u002735ae25b1534ae328c771e0856c93e187490ca824\u0027, time: \u00272016-03-15 10:43:46\u0027\nSystem info: host: \u0027ShariqM-PC\u0027, ip: \u002710.14.5.80\u0027, os.name: \u0027Windows 8.1\u0027, os.arch: \u0027amd64\u0027, os.version: \u00276.3\u0027, java.version: \u00271.8.0_45\u0027\nDriver info: driver.version: unknown","stackTrace":[{"declaringClass":"com.aptafund.test.pages.hrPayrollESS.EmployeeJobsPage","methodName":"getCycleSalary","fileName":"EmployeeJobsPage.java","lineNumber":139},{"declaringClass":"com.aptafund.test.steps.HRPayrollESS.EmployeeJobsSteps","methodName":"verifySalary","fileName":"EmployeeJobsSteps.java","lineNumber":76},{"declaringClass":"com.aptafund.test.features.login.HumanResource.EmployeeJobsTest","methodName":"deleteEmployeeSalaryJob","fileName":"EmployeeJobsTest.java","lineNumber":94}],"COLLAPSE_NEW_LINE_HINTS":["AssertionError","Expected","Expecting","ComparisonFailure"]},"testFailureClassname":"org.openqa.selenium.NoSuchElementException","testFailureMessage":"Timed out after 25 seconds waiting for net.serenitybdd.core.pages.WebElementFacadeImpl$1@b34832b\nBuild info: version: \u00272.53.0\u0027, revision: \u002735ae25b1534ae328c771e0856c93e187490ca824\u0027, time: \u00272016-03-15 10:43:46\u0027\nSystem info: host: \u0027ShariqM-PC\u0027, ip: \u002710.14.5.80\u0027, os.name: \u0027Windows 8.1\u0027, os.arch: \u0027amd64\u0027, os.version: \u00276.3\u0027, java.version: \u00271.8.0_45\u0027\nDriver info: driver.version: unknown\nFor documentation on this error, please visit: http://seleniumhq.org/exceptions/no_such_element.html\nBuild info: version: \u00272.53.0\u0027, revision: \u002735ae25b1534ae328c771e0856c93e187490ca824\u0027, time: \u00272016-03-15 10:43:46\u0027\nSystem info: host: \u0027ShariqM-PC\u0027, ip: \u002710.14.5.80\u0027, os.name: \u0027Windows 8.1\u0027, os.arch: \u0027amd64\u0027, os.version: \u00276.3\u0027, java.version: \u00271.8.0_45\u0027\nDriver info: driver.version: unknown\nFor documentation on this error, please visit: http://seleniumhq.org/exceptions/no_such_element.html\nBuild info: version: \u00272.53.0\u0027, revision: \u002735ae25b1534ae328c771e0856c93e187490ca824\u0027, time: \u00272016-03-15 10:43:46\u0027\nSystem info: host: \u0027ShariqM-PC\u0027, ip: \u002710.14.5.80\u0027, os.name: \u0027Windows 8.1\u0027, os.arch: \u0027amd64\u0027, os.version: \u00276.3\u0027, java.version: \u00271.8.0_45\u0027\nDriver info: driver.version: unknown","annotatedResult":"ERROR","sessionId":"0957e8c7-9fef-4310-8592-b5bd1e04299c","driver":"firefox","manual":false,"result":"ERROR"}