{"name":"verifyEditEmployeeSalaryJob","testCaseName":"com.aptafund.test.features.login.HumanResource.EmployeeJobsTest","testSteps":[{"number":1,"description":"Navigate to login page","duration":12569,"startTime":1497584999632,"result":"SUCCESS"},{"number":2,"description":"Login into apta","duration":6640,"startTime":1497585012202,"result":"SUCCESS"},{"number":3,"description":"Navigate to payroll","duration":14189,"startTime":1497585018843,"result":"SUCCESS"},{"number":4,"description":"Navigate to employee jobs","duration":8935,"startTime":1497585033032,"result":"SUCCESS"},{"number":5,"description":"Add new employee job","duration":64617,"startTime":1497585041968,"result":"SUCCESS"},{"number":6,"description":"Verify salary","duration":33830,"startTime":1497585106586,"screenshots":[{"screenshot":"92c86382a3c179843e9c41e43b0949a7.png","htmlSource":"pagesource100663168396460492.html.txt"}],"exception":{"errorType":"org.openqa.selenium.NoSuchElementException","message":"Timed out after 25 seconds waiting for net.serenitybdd.core.pages.WebElementFacadeImpl$1@53ed09e8\nBuild info: version: \u00272.53.0\u0027, revision: \u002735ae25b1534ae328c771e0856c93e187490ca824\u0027, time: \u00272016-03-15 10:43:46\u0027\nSystem info: host: \u0027ShariqM-PC\u0027, ip: \u002710.14.5.80\u0027, os.name: \u0027Windows 8.1\u0027, os.arch: \u0027amd64\u0027, os.version: \u00276.3\u0027, java.version: \u00271.8.0_45\u0027\nDriver info: driver.version: unknown\nFor documentation on this error, please visit: http://seleniumhq.org/exceptions/no_such_element.html\nBuild info: version: \u00272.53.0\u0027, revision: \u002735ae25b1534ae328c771e0856c93e187490ca824\u0027, time: \u00272016-03-15 10:43:46\u0027\nSystem info: host: \u0027ShariqM-PC\u0027, ip: \u002710.14.5.80\u0027, os.name: \u0027Windows 8.1\u0027, os.arch: \u0027amd64\u0027, os.version: \u00276.3\u0027, java.version: \u00271.8.0_45\u0027\nDriver info: driver.version: unknown","stackTrace":[{"declaringClass":"com.aptafund.test.pages.hrPayrollESS.EmployeeJobsPage","methodName":"getCycleSalary","fileName":"EmployeeJobsPage.java","lineNumber":139},{"declaringClass":"com.aptafund.test.steps.HRPayrollESS.EmployeeJobsSteps","methodName":"verifySalary","fileName":"EmployeeJobsSteps.java","lineNumber":76},{"declaringClass":"com.aptafund.test.features.login.HumanResource.EmployeeJobsTest","methodName":"verifyEditEmployeeSalaryJob","fileName":"EmployeeJobsTest.java","lineNumber":75}],"COLLAPSE_NEW_LINE_HINTS":["AssertionError","Expected","Expecting","ComparisonFailure"]},"result":"ERROR"},{"number":7,"description":"Edit comments","duration":0,"startTime":1497585140417,"result":"SKIPPED"}],"userStory":{"id":"com.aptafund.test.features.login.HumanResource.EmployeeJobsTest","storyName":"Employee jobs test","storyClassName":"com.aptafund.test.features.login.HumanResource.EmployeeJobsTest","path":"com.aptafund.test.features.login.HumanResource","type":"story"},"title":"Verify edit employee salary job","tags":[{"name":"High","type":"Priority"},{"name":"Employee jobs test","type":"story"},{"name":"Regression Level 1","type":"release"}],"startTime":1497584999631,"duration":140794,"testFailureCause":{"errorType":"org.openqa.selenium.NoSuchElementException","message":"Timed out after 25 seconds waiting for net.serenitybdd.core.pages.WebElementFacadeImpl$1@53ed09e8\nBuild info: version: \u00272.53.0\u0027, revision: \u002735ae25b1534ae328c771e0856c93e187490ca824\u0027, time: \u00272016-03-15 10:43:46\u0027\nSystem info: host: \u0027ShariqM-PC\u0027, ip: \u002710.14.5.80\u0027, os.name: \u0027Windows 8.1\u0027, os.arch: \u0027amd64\u0027, os.version: \u00276.3\u0027, java.version: \u00271.8.0_45\u0027\nDriver info: driver.version: unknown\nFor documentation on this error, please visit: http://seleniumhq.org/exceptions/no_such_element.html\nBuild info: version: \u00272.53.0\u0027, revision: \u002735ae25b1534ae328c771e0856c93e187490ca824\u0027, time: \u00272016-03-15 10:43:46\u0027\nSystem info: host: \u0027ShariqM-PC\u0027, ip: \u002710.14.5.80\u0027, os.name: \u0027Windows 8.1\u0027, os.arch: \u0027amd64\u0027, os.version: \u00276.3\u0027, java.version: \u00271.8.0_45\u0027\nDriver info: driver.version: unknown\nFor documentation on this error, please visit: http://seleniumhq.org/exceptions/no_such_element.html\nBuild info: version: \u00272.53.0\u0027, revision: \u002735ae25b1534ae328c771e0856c93e187490ca824\u0027, time: \u00272016-03-15 10:43:46\u0027\nSystem info: host: \u0027ShariqM-PC\u0027, ip: \u002710.14.5.80\u0027, os.name: \u0027Windows 8.1\u0027, os.arch: \u0027amd64\u0027, os.version: \u00276.3\u0027, java.version: \u00271.8.0_45\u0027\nDriver info: driver.version: unknown","stackTrace":[{"declaringClass":"com.aptafund.test.pages.hrPayrollESS.EmployeeJobsPage","methodName":"getCycleSalary","fileName":"EmployeeJobsPage.java","lineNumber":139},{"declaringClass":"com.aptafund.test.steps.HRPayrollESS.EmployeeJobsSteps","methodName":"verifySalary","fileName":"EmployeeJobsSteps.java","lineNumber":76},{"declaringClass":"com.aptafund.test.features.login.HumanResource.EmployeeJobsTest","methodName":"verifyEditEmployeeSalaryJob","fileName":"EmployeeJobsTest.java","lineNumber":75}],"COLLAPSE_NEW_LINE_HINTS":["AssertionError","Expected","Expecting","ComparisonFailure"]},"testFailureClassname":"org.openqa.selenium.NoSuchElementException","testFailureMessage":"Timed out after 25 seconds waiting for net.serenitybdd.core.pages.WebElementFacadeImpl$1@53ed09e8\nBuild info: version: \u00272.53.0\u0027, revision: \u002735ae25b1534ae328c771e0856c93e187490ca824\u0027, time: \u00272016-03-15 10:43:46\u0027\nSystem info: host: \u0027ShariqM-PC\u0027, ip: \u002710.14.5.80\u0027, os.name: \u0027Windows 8.1\u0027, os.arch: \u0027amd64\u0027, os.version: \u00276.3\u0027, java.version: \u00271.8.0_45\u0027\nDriver info: driver.version: unknown\nFor documentation on this error, please visit: http://seleniumhq.org/exceptions/no_such_element.html\nBuild info: version: \u00272.53.0\u0027, revision: \u002735ae25b1534ae328c771e0856c93e187490ca824\u0027, time: \u00272016-03-15 10:43:46\u0027\nSystem info: host: \u0027ShariqM-PC\u0027, ip: \u002710.14.5.80\u0027, os.name: \u0027Windows 8.1\u0027, os.arch: \u0027amd64\u0027, os.version: \u00276.3\u0027, java.version: \u00271.8.0_45\u0027\nDriver info: driver.version: unknown\nFor documentation on this error, please visit: http://seleniumhq.org/exceptions/no_such_element.html\nBuild info: version: \u00272.53.0\u0027, revision: \u002735ae25b1534ae328c771e0856c93e187490ca824\u0027, time: \u00272016-03-15 10:43:46\u0027\nSystem info: host: \u0027ShariqM-PC\u0027, ip: \u002710.14.5.80\u0027, os.name: \u0027Windows 8.1\u0027, os.arch: \u0027amd64\u0027, os.version: \u00276.3\u0027, java.version: \u00271.8.0_45\u0027\nDriver info: driver.version: unknown","annotatedResult":"ERROR","sessionId":"3322f19a-304d-4e63-bc27-616881418f76","driver":"firefox","manual":false,"result":"ERROR"}