{"name":"verifyAddPercentageCalculationDeduction","testCaseName":"com.aptafund.test.features.login.Payroll.ManageDeductionTest","testSteps":[{"number":1,"description":"Navigate to login page","duration":11473,"startTime":1497586510335,"result":"SUCCESS"},{"number":2,"description":"Login into apta","duration":6981,"startTime":1497586521808,"result":"SUCCESS"},{"number":3,"description":"Navigate to payroll","duration":14199,"startTime":1497586528789,"result":"SUCCESS"},{"number":4,"description":"Navigate to manage deduction","duration":7216,"startTime":1497586542988,"result":"SUCCESS"},{"number":5,"description":"Add manage deduction using percentage calculation","duration":50090,"startTime":1497586550205,"screenshots":[{"screenshot":"eba952ea8d8c8b699adb7e2b30326db9.png","htmlSource":"pagesource1767560408277915821.html.txt"}],"exception":{"errorType":"org.openqa.selenium.NoSuchElementException","message":"Timed out after 25 seconds waiting for net.serenitybdd.core.pages.WebElementFacadeImpl$1@101b2ddd\nBuild info: version: \u00272.53.0\u0027, revision: \u002735ae25b1534ae328c771e0856c93e187490ca824\u0027, time: \u00272016-03-15 10:43:46\u0027\nSystem info: host: \u0027ShariqM-PC\u0027, ip: \u002710.14.5.80\u0027, os.name: \u0027Windows 8.1\u0027, os.arch: \u0027amd64\u0027, os.version: \u00276.3\u0027, java.version: \u00271.8.0_45\u0027\nDriver info: driver.version: unknown\nFor documentation on this error, please visit: http://seleniumhq.org/exceptions/no_such_element.html\nBuild info: version: \u00272.53.0\u0027, revision: \u002735ae25b1534ae328c771e0856c93e187490ca824\u0027, time: \u00272016-03-15 10:43:46\u0027\nSystem info: host: \u0027ShariqM-PC\u0027, ip: \u002710.14.5.80\u0027, os.name: \u0027Windows 8.1\u0027, os.arch: \u0027amd64\u0027, os.version: \u00276.3\u0027, java.version: \u00271.8.0_45\u0027\nDriver info: driver.version: unknown","stackTrace":[{"declaringClass":"com.aptafund.test.pages.hrPayrollESS.ManageDeductionsPage","methodName":"clickonPPP","fileName":"ManageDeductionsPage.java","lineNumber":361},{"declaringClass":"com.aptafund.test.steps.HRPayrollESS.ManageDeductionSteps","methodName":"addManageDeductionUsingPercentageCalculation","fileName":"ManageDeductionSteps.java","lineNumber":57},{"declaringClass":"com.aptafund.test.features.login.Payroll.ManageDeductionTest","methodName":"verifyAddPercentageCalculationDeduction","fileName":"ManageDeductionTest.java","lineNumber":73}],"COLLAPSE_NEW_LINE_HINTS":["AssertionError","Expected","Expecting","ComparisonFailure"]},"result":"ERROR"},{"number":6,"description":"Search deduction set","duration":0,"startTime":1497586600295,"result":"SKIPPED"}],"userStory":{"id":"com.aptafund.test.features.login.Payroll.ManageDeductionTest","storyName":"Manage deduction test","storyClassName":"com.aptafund.test.features.login.Payroll.ManageDeductionTest","path":"com.aptafund.test.features.login.Payroll","type":"story"},"title":"Verify add percentage calculation deduction","tags":[{"name":"High","type":"Priority"},{"name":"Manage deduction test","type":"story"},{"name":"Smoke-test","type":"release"}],"startTime":1497586510334,"duration":89985,"testFailureCause":{"errorType":"org.openqa.selenium.NoSuchElementException","message":"Timed out after 25 seconds waiting for net.serenitybdd.core.pages.WebElementFacadeImpl$1@101b2ddd\nBuild info: version: \u00272.53.0\u0027, revision: \u002735ae25b1534ae328c771e0856c93e187490ca824\u0027, time: \u00272016-03-15 10:43:46\u0027\nSystem info: host: \u0027ShariqM-PC\u0027, ip: \u002710.14.5.80\u0027, os.name: \u0027Windows 8.1\u0027, os.arch: \u0027amd64\u0027, os.version: \u00276.3\u0027, java.version: \u00271.8.0_45\u0027\nDriver info: driver.version: unknown\nFor documentation on this error, please visit: http://seleniumhq.org/exceptions/no_such_element.html\nBuild info: version: \u00272.53.0\u0027, revision: \u002735ae25b1534ae328c771e0856c93e187490ca824\u0027, time: \u00272016-03-15 10:43:46\u0027\nSystem info: host: \u0027ShariqM-PC\u0027, ip: \u002710.14.5.80\u0027, os.name: \u0027Windows 8.1\u0027, os.arch: \u0027amd64\u0027, os.version: \u00276.3\u0027, java.version: \u00271.8.0_45\u0027\nDriver info: driver.version: unknown\nFor documentation on this error, please visit: http://seleniumhq.org/exceptions/no_such_element.html\nBuild info: version: \u00272.53.0\u0027, revision: \u002735ae25b1534ae328c771e0856c93e187490ca824\u0027, time: \u00272016-03-15 10:43:46\u0027\nSystem info: host: \u0027ShariqM-PC\u0027, ip: \u002710.14.5.80\u0027, os.name: \u0027Windows 8.1\u0027, os.arch: \u0027amd64\u0027, os.version: \u00276.3\u0027, java.version: \u00271.8.0_45\u0027\nDriver info: driver.version: unknown","stackTrace":[{"declaringClass":"com.aptafund.test.pages.hrPayrollESS.ManageDeductionsPage","methodName":"clickonPPP","fileName":"ManageDeductionsPage.java","lineNumber":361},{"declaringClass":"com.aptafund.test.steps.HRPayrollESS.ManageDeductionSteps","methodName":"addManageDeductionUsingPercentageCalculation","fileName":"ManageDeductionSteps.java","lineNumber":57},{"declaringClass":"com.aptafund.test.features.login.Payroll.ManageDeductionTest","methodName":"verifyAddPercentageCalculationDeduction","fileName":"ManageDeductionTest.java","lineNumber":73}],"COLLAPSE_NEW_LINE_HINTS":["AssertionError","Expected","Expecting","ComparisonFailure"]},"testFailureClassname":"org.openqa.selenium.NoSuchElementException","testFailureMessage":"Timed out after 25 seconds waiting for net.serenitybdd.core.pages.WebElementFacadeImpl$1@101b2ddd\nBuild info: version: \u00272.53.0\u0027, revision: \u002735ae25b1534ae328c771e0856c93e187490ca824\u0027, time: \u00272016-03-15 10:43:46\u0027\nSystem info: host: \u0027ShariqM-PC\u0027, ip: \u002710.14.5.80\u0027, os.name: \u0027Windows 8.1\u0027, os.arch: \u0027amd64\u0027, os.version: \u00276.3\u0027, java.version: \u00271.8.0_45\u0027\nDriver info: driver.version: unknown\nFor documentation on this error, please visit: http://seleniumhq.org/exceptions/no_such_element.html\nBuild info: version: \u00272.53.0\u0027, revision: \u002735ae25b1534ae328c771e0856c93e187490ca824\u0027, time: \u00272016-03-15 10:43:46\u0027\nSystem info: host: \u0027ShariqM-PC\u0027, ip: \u002710.14.5.80\u0027, os.name: \u0027Windows 8.1\u0027, os.arch: \u0027amd64\u0027, os.version: \u00276.3\u0027, java.version: \u00271.8.0_45\u0027\nDriver info: driver.version: unknown\nFor documentation on this error, please visit: http://seleniumhq.org/exceptions/no_such_element.html\nBuild info: version: \u00272.53.0\u0027, revision: \u002735ae25b1534ae328c771e0856c93e187490ca824\u0027, time: \u00272016-03-15 10:43:46\u0027\nSystem info: host: \u0027ShariqM-PC\u0027, ip: \u002710.14.5.80\u0027, os.name: \u0027Windows 8.1\u0027, os.arch: \u0027amd64\u0027, os.version: \u00276.3\u0027, java.version: \u00271.8.0_45\u0027\nDriver info: driver.version: unknown","annotatedResult":"ERROR","sessionId":"19e4ece7-433d-4dcb-8309-1a02ced3e65d","driver":"firefox","manual":false,"result":"ERROR"}