<?xml version="1.0" encoding="UTF-8"?><testsuite errors="3" failures="0" name="com.aptafund.test.features.login.HumanResource.EmployeeJobsTest" skipped="0" tests="4" time="441.61" timestamp="2017-06-167 08:49:59"><testcase classname="com.aptafund.test.features.login.HumanResource.EmployeeJobsTest" name="Verify edit employee salary job"><error message="Timed out after 25 seconds waiting for net.serenitybdd.core.pages.WebElementFacadeImpl$1@53ed09e8&#10;Build info: version: '2.53.0', revision: '35ae25b1534ae328c771e0856c93e187490ca824', time: '2016-03-15 10:43:46'&#10;System info: host: 'ShariqM-PC', ip: '10.14.5.80', os.name: 'Windows 8.1', os.arch: 'amd64', os.version: '6.3', java.version: '1.8.0_45'&#10;Driver info: driver.version: unknown&#10;For documentation on this error, please visit: http://seleniumhq.org/exceptions/no_such_element.html&#10;Build info: version: '2.53.0', revision: '35ae25b1534ae328c771e0856c93e187490ca824', time: '2016-03-15 10:43:46'&#10;System info: host: 'ShariqM-PC', ip: '10.14.5.80', os.name: 'Windows 8.1', os.arch: 'amd64', os.version: '6.3', java.version: '1.8.0_45'&#10;Driver info: driver.version: unknown" type="org.openqa.selenium.NoSuchElementException">Timed out after 25 seconds waiting for net.serenitybdd.core.pages.WebElementFacadeImpl$1@53ed09e8
Build info: version: '2.53.0', revision: '35ae25b1534ae328c771e0856c93e187490ca824', time: '2016-03-15 10:43:46'
System info: host: 'ShariqM-PC', ip: '10.14.5.80', os.name: 'Windows 8.1', os.arch: 'amd64', os.version: '6.3', java.version: '1.8.0_45'
Driver info: driver.version: unknown
For documentation on this error, please visit: http://seleniumhq.org/exceptions/no_such_element.html
Build info: version: '2.53.0', revision: '35ae25b1534ae328c771e0856c93e187490ca824', time: '2016-03-15 10:43:46'
System info: host: 'ShariqM-PC', ip: '10.14.5.80', os.name: 'Windows 8.1', os.arch: 'amd64', os.version: '6.3', java.version: '1.8.0_45'
Driver info: driver.version: unknown</error><system-err>Timed out after 25 seconds waiting for net.serenitybdd.core.pages.WebElementFacadeImpl$1@53ed09e8
Build info: version: '2.53.0', revision: '35ae25b1534ae328c771e0856c93e187490ca824', time: '2016-03-15 10:43:46'
System info: host: 'ShariqM-PC', ip: '10.14.5.80', os.name: 'Windows 8.1', os.arch: 'amd64', os.version: '6.3', java.version: '1.8.0_45'
Driver info: driver.version: unknown
For documentation on this error, please visit: http://seleniumhq.org/exceptions/no_such_element.html
Build info: version: '2.53.0', revision: '35ae25b1534ae328c771e0856c93e187490ca824', time: '2016-03-15 10:43:46'
System info: host: 'ShariqM-PC', ip: '10.14.5.80', os.name: 'Windows 8.1', os.arch: 'amd64', os.version: '6.3', java.version: '1.8.0_45'
Driver info: driver.version: unknown&#13;
com.aptafund.test.pages.hrPayrollESS.EmployeeJobsPage.getCycleSalary(EmployeeJobsPage.java:139)&#13;
com.aptafund.test.steps.HRPayrollESS.EmployeeJobsSteps.verifySalary(EmployeeJobsSteps.java:76)&#13;
com.aptafund.test.features.login.HumanResource.EmployeeJobsTest.verifyEditEmployeeSalaryJob(EmployeeJobsTest.java:75)&#13;
</system-err></testcase><testcase classname="com.aptafund.test.features.login.HumanResource.EmployeeJobsTest" name="Verify add employee salary job"><error message="Timed out after 5 seconds. Element not available&#10;Build info: version: '2.53.0', revision: '35ae25b1534ae328c771e0856c93e187490ca824', time: '2016-03-15 10:43:46'&#10;System info: host: 'ShariqM-PC', ip: '10.14.5.80', os.name: 'Windows 8.1', os.arch: 'amd64', os.version: '6.3', java.version: '1.8.0_45'&#10;Driver info: driver.version: unknown" type="org.openqa.selenium.ElementNotVisibleException">Timed out after 5 seconds. Element not available
Build info: version: '2.53.0', revision: '35ae25b1534ae328c771e0856c93e187490ca824', time: '2016-03-15 10:43:46'
System info: host: 'ShariqM-PC', ip: '10.14.5.80', os.name: 'Windows 8.1', os.arch: 'amd64', os.version: '6.3', java.version: '1.8.0_45'
Driver info: driver.version: unknown</error><system-err>Timed out after 5 seconds. Element not available
Build info: version: '2.53.0', revision: '35ae25b1534ae328c771e0856c93e187490ca824', time: '2016-03-15 10:43:46'
System info: host: 'ShariqM-PC', ip: '10.14.5.80', os.name: 'Windows 8.1', os.arch: 'amd64', os.version: '6.3', java.version: '1.8.0_45'
Driver info: driver.version: unknown&#13;
com.aptafund.test.actions.WaitActions.waitUntilLoaded(WaitActions.java:28)&#13;
com.aptafund.test.pages.hrPayrollESS.EmployeeJobsPage.setJobNameDDSelect(EmployeeJobsPage.java:298)&#13;
com.aptafund.test.steps.HRPayrollESS.EmployeeJobsSteps.addNewEmployeeJob(EmployeeJobsSteps.java:47)&#13;
com.aptafund.test.features.login.HumanResource.EmployeeJobsTest.verifyAddEmployeeSalaryJob(EmployeeJobsTest.java:52)&#13;
</system-err></testcase><testcase classname="com.aptafund.test.features.login.HumanResource.EmployeeJobsTest" name="Verify add employee hourly job"/><testcase classname="com.aptafund.test.features.login.HumanResource.EmployeeJobsTest" name="Delete employee salary job"><error message="Timed out after 25 seconds waiting for net.serenitybdd.core.pages.WebElementFacadeImpl$1@b34832b&#10;Build info: version: '2.53.0', revision: '35ae25b1534ae328c771e0856c93e187490ca824', time: '2016-03-15 10:43:46'&#10;System info: host: 'ShariqM-PC', ip: '10.14.5.80', os.name: 'Windows 8.1', os.arch: 'amd64', os.version: '6.3', java.version: '1.8.0_45'&#10;Driver info: driver.version: unknown&#10;For documentation on this error, please visit: http://seleniumhq.org/exceptions/no_such_element.html&#10;Build info: version: '2.53.0', revision: '35ae25b1534ae328c771e0856c93e187490ca824', time: '2016-03-15 10:43:46'&#10;System info: host: 'ShariqM-PC', ip: '10.14.5.80', os.name: 'Windows 8.1', os.arch: 'amd64', os.version: '6.3', java.version: '1.8.0_45'&#10;Driver info: driver.version: unknown" type="org.openqa.selenium.NoSuchElementException">Timed out after 25 seconds waiting for net.serenitybdd.core.pages.WebElementFacadeImpl$1@b34832b
Build info: version: '2.53.0', revision: '35ae25b1534ae328c771e0856c93e187490ca824', time: '2016-03-15 10:43:46'
System info: host: 'ShariqM-PC', ip: '10.14.5.80', os.name: 'Windows 8.1', os.arch: 'amd64', os.version: '6.3', java.version: '1.8.0_45'
Driver info: driver.version: unknown
For documentation on this error, please visit: http://seleniumhq.org/exceptions/no_such_element.html
Build info: version: '2.53.0', revision: '35ae25b1534ae328c771e0856c93e187490ca824', time: '2016-03-15 10:43:46'
System info: host: 'ShariqM-PC', ip: '10.14.5.80', os.name: 'Windows 8.1', os.arch: 'amd64', os.version: '6.3', java.version: '1.8.0_45'
Driver info: driver.version: unknown</error><system-err>Timed out after 25 seconds waiting for net.serenitybdd.core.pages.WebElementFacadeImpl$1@b34832b
Build info: version: '2.53.0', revision: '35ae25b1534ae328c771e0856c93e187490ca824', time: '2016-03-15 10:43:46'
System info: host: 'ShariqM-PC', ip: '10.14.5.80', os.name: 'Windows 8.1', os.arch: 'amd64', os.version: '6.3', java.version: '1.8.0_45'
Driver info: driver.version: unknown
For documentation on this error, please visit: http://seleniumhq.org/exceptions/no_such_element.html
Build info: version: '2.53.0', revision: '35ae25b1534ae328c771e0856c93e187490ca824', time: '2016-03-15 10:43:46'
System info: host: 'ShariqM-PC', ip: '10.14.5.80', os.name: 'Windows 8.1', os.arch: 'amd64', os.version: '6.3', java.version: '1.8.0_45'
Driver info: driver.version: unknown&#13;
com.aptafund.test.pages.hrPayrollESS.EmployeeJobsPage.getCycleSalary(EmployeeJobsPage.java:139)&#13;
com.aptafund.test.steps.HRPayrollESS.EmployeeJobsSteps.verifySalary(EmployeeJobsSteps.java:76)&#13;
com.aptafund.test.features.login.HumanResource.EmployeeJobsTest.deleteEmployeeSalaryJob(EmployeeJobsTest.java:94)&#13;
</system-err></testcase></testsuite>