<?xml version="1.0" encoding="UTF-8"?><testsuite errors="2" failures="0" name="com.aptafund.test.features.login.Payroll.DeductionAssignmentTest" skipped="0" tests="6" time="655.83" timestamp="2017-06-167 08:58:46"><testcase classname="com.aptafund.test.features.login.Payroll.DeductionAssignmentTest" name="Add direct deposit with percentage"><error message="Timed out after 5 seconds. Element not available&#10;Build info: version: '2.53.0', revision: '35ae25b1534ae328c771e0856c93e187490ca824', time: '2016-03-15 10:43:46'&#10;System info: host: 'ShariqM-PC', ip: '10.14.5.80', os.name: 'Windows 8.1', os.arch: 'amd64', os.version: '6.3', java.version: '1.8.0_45'&#10;Driver info: driver.version: unknown" type="org.openqa.selenium.ElementNotVisibleException">Timed out after 5 seconds. Element not available
Build info: version: '2.53.0', revision: '35ae25b1534ae328c771e0856c93e187490ca824', time: '2016-03-15 10:43:46'
System info: host: 'ShariqM-PC', ip: '10.14.5.80', os.name: 'Windows 8.1', os.arch: 'amd64', os.version: '6.3', java.version: '1.8.0_45'
Driver info: driver.version: unknown</error><system-err>Timed out after 5 seconds. Element not available
Build info: version: '2.53.0', revision: '35ae25b1534ae328c771e0856c93e187490ca824', time: '2016-03-15 10:43:46'
System info: host: 'ShariqM-PC', ip: '10.14.5.80', os.name: 'Windows 8.1', os.arch: 'amd64', os.version: '6.3', java.version: '1.8.0_45'
Driver info: driver.version: unknown&#13;
com.aptafund.test.pages.hrPayrollESS.DeductionAssignmentPage.setPreNotification(DeductionAssignmentPage.java:389)&#13;
com.aptafund.test.steps.HRPayrollESS.DeductionAssignmentSteps.addDirectDepositPercentage(DeductionAssignmentSteps.java:113)&#13;
com.aptafund.test.features.login.Payroll.DeductionAssignmentTest.AddDirectDepositWithPercentage(DeductionAssignmentTest.java:96)&#13;
</system-err></testcase><testcase classname="com.aptafund.test.features.login.Payroll.DeductionAssignmentTest" name="Verify edit fixed amount deduction"/><testcase classname="com.aptafund.test.features.login.Payroll.DeductionAssignmentTest" name="Verify add fixed amount deduction"/><testcase classname="com.aptafund.test.features.login.Payroll.DeductionAssignmentTest" name="Add non variable deduction for percentage"/><testcase classname="com.aptafund.test.features.login.Payroll.DeductionAssignmentTest" name="Delete non variable deduction for percentage"/><testcase classname="com.aptafund.test.features.login.Payroll.DeductionAssignmentTest" name="Add direct deposit with amount"><error message="Element is not clickable at point (689.0333251953125, 410.6333312988281). Other element would receive the click: &lt;div style=&quot;width: 226px; height: 50px; overflow: hidden; display: block; position: absolute; top: 421.983px; z-index: 10015; left: 479.983px;&quot; class=&quot;k-animation-container&quot;&gt;&lt;/div&gt;&#10;Command duration or timeout: 65 milliseconds&#10;Build info: version: '2.53.0', revision: '35ae25b1534ae328c771e0856c93e187490ca824', time: '2016-03-15 10:43:46'&#10;System info: host: 'ShariqM-PC', ip: '10.14.5.80', os.name: 'Windows 8.1', os.arch: 'amd64', os.version: '6.3', java.version: '1.8.0_45'&#10;Driver info: org.openqa.selenium.firefox.FirefoxDriver&#10;Capabilities [{applicationCacheEnabled=true, rotatable=false, handlesAlerts=true, databaseEnabled=true, version=46.0.1, platform=WINDOWS, nativeEvents=false, acceptSslCerts=true, webStorageEnabled=true, locationContextEnabled=true, browserName=firefox, takesScreenshot=true, javascriptEnabled=true, cssSelectorsEnabled=true}]&#10;Session ID: b8abda20-0a67-46a9-bd3b-5b1be7b65a6d" type="org.openqa.selenium.WebDriverException">Element is not clickable at point (689.0333251953125, 410.6333312988281). Other element would receive the click: &lt;div style="width: 226px; height: 50px; overflow: hidden; display: block; position: absolute; top: 421.983px; z-index: 10015; left: 479.983px;" class="k-animation-container"&gt;&lt;/div&gt;
Command duration or timeout: 65 milliseconds
Build info: version: '2.53.0', revision: '35ae25b1534ae328c771e0856c93e187490ca824', time: '2016-03-15 10:43:46'
System info: host: 'ShariqM-PC', ip: '10.14.5.80', os.name: 'Windows 8.1', os.arch: 'amd64', os.version: '6.3', java.version: '1.8.0_45'
Driver info: org.openqa.selenium.firefox.FirefoxDriver
Capabilities [{applicationCacheEnabled=true, rotatable=false, handlesAlerts=true, databaseEnabled=true, version=46.0.1, platform=WINDOWS, nativeEvents=false, acceptSslCerts=true, webStorageEnabled=true, locationContextEnabled=true, browserName=firefox, takesScreenshot=true, javascriptEnabled=true, cssSelectorsEnabled=true}]
Session ID: b8abda20-0a67-46a9-bd3b-5b1be7b65a6d</error><system-err>Element is not clickable at point (689.0333251953125, 410.6333312988281). Other element would receive the click: &lt;div style="width: 226px; height: 50px; overflow: hidden; display: block; position: absolute; top: 421.983px; z-index: 10015; left: 479.983px;" class="k-animation-container"&gt;&lt;/div&gt;
Command duration or timeout: 65 milliseconds
Build info: version: '2.53.0', revision: '35ae25b1534ae328c771e0856c93e187490ca824', time: '2016-03-15 10:43:46'
System info: host: 'ShariqM-PC', ip: '10.14.5.80', os.name: 'Windows 8.1', os.arch: 'amd64', os.version: '6.3', java.version: '1.8.0_45'
Driver info: org.openqa.selenium.firefox.FirefoxDriver
Capabilities [{applicationCacheEnabled=true, rotatable=false, handlesAlerts=true, databaseEnabled=true, version=46.0.1, platform=WINDOWS, nativeEvents=false, acceptSslCerts=true, webStorageEnabled=true, locationContextEnabled=true, browserName=firefox, takesScreenshot=true, javascriptEnabled=true, cssSelectorsEnabled=true}]
Session ID: b8abda20-0a67-46a9-bd3b-5b1be7b65a6d&#13;
com.aptafund.test.pages.hrPayrollESS.DeductionAssignmentPage.setPrimaryLocation(DeductionAssignmentPage.java:396)&#13;
com.aptafund.test.steps.HRPayrollESS.DeductionAssignmentSteps.addDirectDepositAmount(DeductionAssignmentSteps.java:150)&#13;
com.aptafund.test.features.login.Payroll.DeductionAssignmentTest.AddDirectDepositWithAmount(DeductionAssignmentTest.java:118)&#13;
</system-err></testcase></testsuite>