<?xml version="1.0" encoding="UTF-8"?>
<testsuite name="com.aptafund.test.features.login.Payroll.ManagePayrollTest" time="473.827" tests="7" errors="3" skipped="2" failures="0">
  <properties>
    <property name="idea.version" value="2017.1.4"/>
    <property name="java.runtime.name" value="Java(TM) SE Runtime Environment"/>
    <property name="sun.boot.library.path" value="C:\Program Files\Java\jdk1.8.0_45\jre\bin"/>
    <property name="java.vm.version" value="25.45-b02"/>
    <property name="java.vm.vendor" value="Oracle Corporation"/>
    <property name="maven.multiModuleProjectDirectory" value="D:\Workspace\POC"/>
    <property name="java.vendor.url" value="http://java.oracle.com/"/>
    <property name="path.separator" value=";"/>
    <property name="guice.disable.misplaced.annotation.check" value="true"/>
    <property name="java.vm.name" value="Java HotSpot(TM) 64-Bit Server VM"/>
    <property name="file.encoding.pkg" value="sun.io"/>
    <property name="user.script" value=""/>
    <property name="user.country" value="US"/>
    <property name="sun.java.launcher" value="SUN_STANDARD"/>
    <property name="sun.os.patch.level" value=""/>
    <property name="java.vm.specification.name" value="Java Virtual Machine Specification"/>
    <property name="user.dir" value="D:\Workspace\POC"/>
    <property name="java.runtime.version" value="1.8.0_45-b15"/>
    <property name="java.awt.graphicsenv" value="sun.awt.Win32GraphicsEnvironment"/>
    <property name="java.endorsed.dirs" value="C:\Program Files\Java\jdk1.8.0_45\jre\lib\endorsed"/>
    <property name="os.arch" value="amd64"/>
    <property name="java.io.tmpdir" value="C:\Users\SMUHAM~1\AppData\Local\Temp\"/>
    <property name="line.separator" value="&#10;"/>
    <property name="java.vm.specification.vendor" value="Oracle Corporation"/>
    <property name="user.variant" value=""/>
    <property name="os.name" value="Windows 8.1"/>
    <property name="classworlds.conf" value="C:\Program Files\JetBrains\IntelliJ IDEA 2017.1.4\plugins\maven\lib\maven3\bin\m2.conf"/>
    <property name="sun.jnu.encoding" value="Cp1252"/>
    <property name="java.library.path" value="C:\Program Files\Java\jdk1.8.0_45\bin;C:\Windows\Sun\Java\bin;C:\Windows\system32;C:\Windows;C:\ProgramData\Oracle\Java\javapath;C:\Program Files (x86)\Intel\iCLS Client\;C:\Program Files\Intel\iCLS Client\;C:\Windows\system32;C:\Windows;C:\Windows\System32\Wbem;C:\Windows\System32\WindowsPowerShell\v1.0\;C:\Program Files (x86)\Intel\Intel(R) Management Engine Components\DAL;C:\Program Files\Intel\Intel(R) Management Engine Components\DAL;C:\Program Files (x86)\Intel\Intel(R) Management Engine Components\IPT;C:\Program Files\Intel\Intel(R) Management Engine Components\IPT;C:\Users\smuhammad\ANT\apache-ant-1.9.7\apache-ant-1.9.7\bin;C:\Program Files (x86)\Skype\Phone\;C:\Program Files\apache-maven-3.5.0\bin;."/>
    <property name="java.specification.name" value="Java Platform API Specification"/>
    <property name="java.class.version" value="52.0"/>
    <property name="sun.management.compiler" value="HotSpot 64-Bit Tiered Compilers"/>
    <property name="os.version" value="6.3"/>
    <property name="user.home" value="C:\Users\smuhammad"/>
    <property name="user.timezone" value="Asia/Karachi"/>
    <property name="java.awt.printerjob" value="sun.awt.windows.WPrinterJob"/>
    <property name="java.specification.version" value="1.8"/>
    <property name="file.encoding" value="UTF-8"/>
    <property name="user.name" value="smuhammad"/>
    <property name="java.class.path" value="C:\Program Files\JetBrains\IntelliJ IDEA 2017.1.4\plugins\maven\lib\maven3\boot\plexus-classworlds-2.5.2.jar;C:\Program Files\JetBrains\IntelliJ IDEA 2017.1.4\lib\idea_rt.jar"/>
    <property name="java.vm.specification.version" value="1.8"/>
    <property name="sun.arch.data.model" value="64"/>
    <property name="java.home" value="C:\Program Files\Java\jdk1.8.0_45\jre"/>
    <property name="sun.java.command" value="org.codehaus.classworlds.Launcher -Didea.version=2017.1.4 verify"/>
    <property name="java.specification.vendor" value="Oracle Corporation"/>
    <property name="user.language" value="en"/>
    <property name="awt.toolkit" value="sun.awt.windows.WToolkit"/>
    <property name="java.vm.info" value="mixed mode"/>
    <property name="java.version" value="1.8.0_45"/>
    <property name="java.ext.dirs" value="C:\Program Files\Java\jdk1.8.0_45\jre\lib\ext;C:\Windows\Sun\Java\lib\ext"/>
    <property name="sun.boot.class.path" value="C:\Program Files\Java\jdk1.8.0_45\jre\lib\resources.jar;C:\Program Files\Java\jdk1.8.0_45\jre\lib\rt.jar;C:\Program Files\Java\jdk1.8.0_45\jre\lib\sunrsasign.jar;C:\Program Files\Java\jdk1.8.0_45\jre\lib\jsse.jar;C:\Program Files\Java\jdk1.8.0_45\jre\lib\jce.jar;C:\Program Files\Java\jdk1.8.0_45\jre\lib\charsets.jar;C:\Program Files\Java\jdk1.8.0_45\jre\lib\jfr.jar;C:\Program Files\Java\jdk1.8.0_45\jre\classes"/>
    <property name="java.vendor" value="Oracle Corporation"/>
    <property name="maven.home" value="C:\Program Files\JetBrains\IntelliJ IDEA 2017.1.4\plugins\maven\lib\maven3"/>
    <property name="file.separator" value="\"/>
    <property name="java.vendor.url.bug" value="http://bugreport.sun.com/bugreport/"/>
    <property name="sun.cpu.endian" value="little"/>
    <property name="sun.io.unicode.encoding" value="UnicodeLittle"/>
    <property name="sun.desktop" value="windows"/>
    <property name="sun.cpu.isalist" value="amd64"/>
  </properties>
  <testcase name="verifyAddJobToRegister" classname="com.aptafund.test.features.login.Payroll.ManagePayrollTest" time="154.161">
    <error message="Timed out after 5 seconds. Element not found&#10;For documentation on this error, please visit: http://seleniumhq.org/exceptions/no_such_element.html&#10;Build info: version: &apos;2.53.0&apos;, revision: &apos;35ae25b1534ae328c771e0856c93e187490ca824&apos;, time: &apos;2016-03-15 10:43:46&apos;&#10;System info: host: &apos;ShariqM-PC&apos;, ip: &apos;10.14.5.80&apos;, os.name: &apos;Windows 8.1&apos;, os.arch: &apos;amd64&apos;, os.version: &apos;6.3&apos;, java.version: &apos;1.8.0_45&apos;&#10;Driver info: driver.version: unknown&#10;For documentation on this error, please visit: http://seleniumhq.org/exceptions/no_such_element.html&#10;Build info: version: &apos;2.53.0&apos;, revision: &apos;35ae25b1534ae328c771e0856c93e187490ca824&apos;, time: &apos;2016-03-15 10:43:46&apos;&#10;System info: host: &apos;ShariqM-PC&apos;, ip: &apos;10.14.5.80&apos;, os.name: &apos;Windows 8.1&apos;, os.arch: &apos;amd64&apos;, os.version: &apos;6.3&apos;, java.version: &apos;1.8.0_45&apos;&#10;Driver info: driver.version: unknown" type="org.openqa.selenium.NoSuchElementException">org.openqa.selenium.NoSuchElementException: Timed out after 5 seconds. Element not found
For documentation on this error, please visit: http://seleniumhq.org/exceptions/no_such_element.html
Build info: version: '2.53.0', revision: '35ae25b1534ae328c771e0856c93e187490ca824', time: '2016-03-15 10:43:46'
System info: host: 'ShariqM-PC', ip: '10.14.5.80', os.name: 'Windows 8.1', os.arch: 'amd64', os.version: '6.3', java.version: '1.8.0_45'
Driver info: driver.version: unknown
For documentation on this error, please visit: http://seleniumhq.org/exceptions/no_such_element.html
Build info: version: '2.53.0', revision: '35ae25b1534ae328c771e0856c93e187490ca824', time: '2016-03-15 10:43:46'
System info: host: 'ShariqM-PC', ip: '10.14.5.80', os.name: 'Windows 8.1', os.arch: 'amd64', os.version: '6.3', java.version: '1.8.0_45'
Driver info: driver.version: unknown
	at com.aptafund.test.pages.hrPayrollESS.ManagePayrollPage.selectEmpFromAddJobReg(ManagePayrollPage.java:450)
	at com.aptafund.test.steps.HRPayrollESS.ManagePayrollSteps.selectEmployeeFromAddJobReg(ManagePayrollSteps.java:137)
	at com.aptafund.test.features.login.Payroll.ManagePayrollTest.verifyAddJobToRegister(ManagePayrollTest.java:99)
</error>
    <system-out><![CDATA[org.openqa.selenium.NoSuchElementException: Timed out after 5 seconds. Element not found
For documentation on this error, please visit: http://seleniumhq.org/exceptions/no_such_element.html
Build info: version: '2.53.0', revision: '35ae25b1534ae328c771e0856c93e187490ca824', time: '2016-03-15 10:43:46'
System info: host: 'ShariqM-PC', ip: '10.14.5.80', os.name: 'Windows 8.1', os.arch: 'amd64', os.version: '6.3', java.version: '1.8.0_45'
Driver info: driver.version: unknown
]]></system-out>
    <system-err><![CDATA[[main] ERROR net.serenitybdd.core.Serenity - 
           __  _____ _____ ____ _____   _____ _    ___ _     _____ ____  
  _       / / |_   _| ____/ ___|_   _| |  ___/ \  |_ _| |   | ____|  _ \ 
 (_)_____| |    | | |  _| \___ \ | |   | |_ / _ \  | || |   |  _| | | | |
  _|_____| |    | | | |___ ___) || |   |  _/ ___ \ | || |___| |___| |_| |
 (_)     | |    |_| |_____|____/ |_|   |_|/_/   \_\___|_____|_____|____/ 
          \_\                                                            

TEST FAILED WITH ERROR: Verify add percentage calculation deduction
---------------------------------------------------------------------
[main] ERROR net.serenitybdd.core.Serenity - TEST FAILED AT STEP Add manage deduction using percentage calculation
[main] ERROR net.serenitybdd.core.Serenity - Timed out after 60 seconds waiting for com.aptafund.test.actions.WaitActions$1@11c50812
[main] INFO net.thucydides.core.webdriver.WebDriverFactory - Setting browser dimensions to 700/1280
[main] INFO com.aptafund.test.pages.commonPages.AptaLoginPage - Verifying the title of the Home Page
[main] INFO com.aptafund.test.pages.commonPages.AptaHomePage - Verifying the Title of Home Page 
[main] INFO com.aptafund.test.pages.hrPayrollESS.HrPayrollEssHomePage - Waiting for HR, Payroll & ESS
[main] INFO com.aptafund.test.pages.hrPayrollESS.HrPayrollEssHomePage - Clicked on HR, Payroll & ESS
[main] INFO com.aptafund.test.pages.hrPayrollESS.HrPayrollEssHomePage - HR, Payroll & ESS link has been clicked
[main] INFO com.aptafund.test.pages.hrPayrollESS.HrPayrollEssHomePage - Waiting for Manage Payroll to be clickable
[main] INFO com.aptafund.test.pages.hrPayrollESS.HrPayrollEssHomePage - Clicking on Manage Payroll
[main] INFO com.aptafund.test.pages.hrPayrollESS.HrPayrollEssHomePage - Manage Payroll link has been clicked
[main] INFO com.aptafund.test.pages.hrPayrollESS.HrPayrollEssHomePage - Waiting for Add button on Manage Payroll
[main] INFO com.aptafund.test.pages.hrPayrollESS.HrPayrollEssHomePage - Clicking on Add button through Manage Payroll
[main] INFO com.aptafund.test.pages.hrPayrollESS.HrPayrollEssHomePage - Add button through Manage Payroll has been clicked
[main] INFO com.aptafund.test.steps.HRPayrollESS.ManagePayrollSteps - Selecting the value from the Payroll Cycle
[main] INFO com.aptafund.test.steps.HRPayrollESS.ManagePayrollSteps - Value of Biweekly has been selected from Payroll Cycle dropdown.
[main] INFO com.aptafund.test.steps.HRPayrollESS.ManagePayrollSteps - Selecting the Biweekly value from the Payroll Cycle List Box
[main] INFO com.aptafund.test.steps.HRPayrollESS.ManagePayrollSteps - Selecting the value from the Payroll Cycle
[main] INFO com.aptafund.test.steps.HRPayrollESS.ManagePayrollSteps - Value of Biweekly has been selected from Payroll Cycle dropdown.
[main] INFO com.aptafund.test.steps.HRPayrollESS.ManagePayrollSteps - Selecting the Biweekly value from the Payroll Cycle List Box
[main] INFO com.aptafund.test.steps.HRPayrollESS.ManagePayrollSteps - Open the Register Drop down
[main] INFO com.aptafund.test.steps.HRPayrollESS.ManagePayrollSteps - Value of Biweekly has been selected from Payroll Cycle dropdown.
[main] INFO com.aptafund.test.steps.HRPayrollESS.ManagePayrollSteps - Selecting the Register value from the Register Type  List Box
[main] INFO com.aptafund.test.steps.HRPayrollESS.ManagePayrollSteps - Define the description of the Register
[main] INFO com.aptafund.test.steps.HRPayrollESS.ManagePayrollSteps - Hit Save add register option
[main] INFO com.aptafund.test.steps.HRPayrollESS.ManagePayrollSteps - Capture Currently added Registor number.
[main] INFO com.aptafund.test.steps.HRPayrollESS.ManagePayrollSteps - Click on Return to Search option to get back on Main search page.
[main] INFO com.aptafund.test.steps.HRPayrollESS.ManagePayrollSteps - Hit add Job to Registor
[main] INFO com.aptafund.test.steps.HRPayrollESS.ManagePayrollSteps - Apply Check in the Checkbox for selecting the newly added Register
[main] INFO com.aptafund.test.steps.HRPayrollESS.ManagePayrollSteps - Click on the Edit button to Edit the Job
[main] INFO com.aptafund.test.steps.HRPayrollESS.ManagePayrollSteps - Hit add Job to Registor
[main] INFO com.aptafund.test.steps.HRPayrollESS.ManagePayrollSteps - select employee value from Employee DD from add register
]]></system-err>
  </testcase>
  <testcase name="verifyNavigateToDeductionAssignment" classname="com.aptafund.test.features.login.Payroll.ManagePayrollTest" time="35.176"/>
  <testcase name="verifyNavigateToManageDeductions" classname="com.aptafund.test.features.login.Payroll.ManagePayrollTest" time="36.65"/>
  <testcase name="verifyNavigateToManagePayroll" classname="com.aptafund.test.features.login.Payroll.ManagePayrollTest" time="0">
    <skipped/>
  </testcase>
  <testcase name="verifyRemoveJobToRegister" classname="com.aptafund.test.features.login.Payroll.ManagePayrollTest" time="95.143">
    <error message="Timed out after 5 seconds. Element not found&#10;For documentation on this error, please visit: http://seleniumhq.org/exceptions/no_such_element.html&#10;Build info: version: &apos;2.53.0&apos;, revision: &apos;35ae25b1534ae328c771e0856c93e187490ca824&apos;, time: &apos;2016-03-15 10:43:46&apos;&#10;System info: host: &apos;ShariqM-PC&apos;, ip: &apos;10.14.5.80&apos;, os.name: &apos;Windows 8.1&apos;, os.arch: &apos;amd64&apos;, os.version: &apos;6.3&apos;, java.version: &apos;1.8.0_45&apos;&#10;Driver info: driver.version: unknown&#10;For documentation on this error, please visit: http://seleniumhq.org/exceptions/no_such_element.html&#10;Build info: version: &apos;2.53.0&apos;, revision: &apos;35ae25b1534ae328c771e0856c93e187490ca824&apos;, time: &apos;2016-03-15 10:43:46&apos;&#10;System info: host: &apos;ShariqM-PC&apos;, ip: &apos;10.14.5.80&apos;, os.name: &apos;Windows 8.1&apos;, os.arch: &apos;amd64&apos;, os.version: &apos;6.3&apos;, java.version: &apos;1.8.0_45&apos;&#10;Driver info: driver.version: unknown" type="org.openqa.selenium.NoSuchElementException">org.openqa.selenium.NoSuchElementException: Timed out after 5 seconds. Element not found
For documentation on this error, please visit: http://seleniumhq.org/exceptions/no_such_element.html
Build info: version: '2.53.0', revision: '35ae25b1534ae328c771e0856c93e187490ca824', time: '2016-03-15 10:43:46'
System info: host: 'ShariqM-PC', ip: '10.14.5.80', os.name: 'Windows 8.1', os.arch: 'amd64', os.version: '6.3', java.version: '1.8.0_45'
Driver info: driver.version: unknown
For documentation on this error, please visit: http://seleniumhq.org/exceptions/no_such_element.html
Build info: version: '2.53.0', revision: '35ae25b1534ae328c771e0856c93e187490ca824', time: '2016-03-15 10:43:46'
System info: host: 'ShariqM-PC', ip: '10.14.5.80', os.name: 'Windows 8.1', os.arch: 'amd64', os.version: '6.3', java.version: '1.8.0_45'
Driver info: driver.version: unknown
	at com.aptafund.test.pages.hrPayrollESS.ManagePayrollPage.clickAddJobToRegistor(ManagePayrollPage.java:588)
	at com.aptafund.test.steps.HRPayrollESS.ManagePayrollSteps.addJobToRegistor(ManagePayrollSteps.java:159)
	at com.aptafund.test.features.login.Payroll.ManagePayrollTest.verifyRemoveJobToRegister(ManagePayrollTest.java:146)
</error>
    <system-out><![CDATA[org.openqa.selenium.NoSuchElementException: Timed out after 5 seconds. Element not found
For documentation on this error, please visit: http://seleniumhq.org/exceptions/no_such_element.html
Build info: version: '2.53.0', revision: '35ae25b1534ae328c771e0856c93e187490ca824', time: '2016-03-15 10:43:46'
System info: host: 'ShariqM-PC', ip: '10.14.5.80', os.name: 'Windows 8.1', os.arch: 'amd64', os.version: '6.3', java.version: '1.8.0_45'
Driver info: driver.version: unknown
]]></system-out>
    <system-err><![CDATA[[main] INFO net.thucydides.core.webdriver.WebDriverFactory - Setting browser dimensions to 700/1280
[main] INFO com.aptafund.test.pages.commonPages.AptaLoginPage - Verifying the title of the Home Page
[main] INFO com.aptafund.test.pages.commonPages.AptaHomePage - Verifying the Title of Home Page 
[main] INFO com.aptafund.test.pages.hrPayrollESS.HrPayrollEssHomePage - Waiting for HR, Payroll & ESS
[main] INFO com.aptafund.test.pages.hrPayrollESS.HrPayrollEssHomePage - Clicked on HR, Payroll & ESS
[main] INFO com.aptafund.test.pages.hrPayrollESS.HrPayrollEssHomePage - HR, Payroll & ESS link has been clicked
[main] INFO com.aptafund.test.pages.hrPayrollESS.HrPayrollEssHomePage - Waiting for Manage Payroll to be clickable
[main] INFO com.aptafund.test.pages.hrPayrollESS.HrPayrollEssHomePage - Clicking on Manage Payroll
[main] INFO com.aptafund.test.pages.hrPayrollESS.HrPayrollEssHomePage - Manage Payroll link has been clicked
[main] INFO com.aptafund.test.pages.hrPayrollESS.HrPayrollEssHomePage - Waiting for Add button on Manage Payroll
[main] INFO com.aptafund.test.pages.hrPayrollESS.HrPayrollEssHomePage - Clicking on Add button through Manage Payroll
[main] INFO com.aptafund.test.pages.hrPayrollESS.HrPayrollEssHomePage - Add button through Manage Payroll has been clicked
[main] INFO com.aptafund.test.steps.HRPayrollESS.ManagePayrollSteps - Selecting the value from the Payroll Cycle
[main] INFO com.aptafund.test.steps.HRPayrollESS.ManagePayrollSteps - Value of Biweekly has been selected from Payroll Cycle dropdown.
[main] INFO com.aptafund.test.steps.HRPayrollESS.ManagePayrollSteps - Selecting the Biweekly value from the Payroll Cycle List Box
[main] INFO com.aptafund.test.steps.HRPayrollESS.ManagePayrollSteps - Selecting the value from the Payroll Cycle
[main] INFO com.aptafund.test.steps.HRPayrollESS.ManagePayrollSteps - Value of Biweekly has been selected from Payroll Cycle dropdown.
[main] INFO com.aptafund.test.steps.HRPayrollESS.ManagePayrollSteps - Selecting the Biweekly value from the Payroll Cycle List Box
[main] INFO com.aptafund.test.steps.HRPayrollESS.ManagePayrollSteps - Open the Register Drop down
[main] INFO com.aptafund.test.steps.HRPayrollESS.ManagePayrollSteps - Value of Biweekly has been selected from Payroll Cycle dropdown.
[main] INFO com.aptafund.test.steps.HRPayrollESS.ManagePayrollSteps - Selecting the Register value from the Register Type  List Box
[main] INFO com.aptafund.test.steps.HRPayrollESS.ManagePayrollSteps - Define the description of the Register
[main] INFO com.aptafund.test.steps.HRPayrollESS.ManagePayrollSteps - Hit Save add register option
[main] INFO com.aptafund.test.steps.HRPayrollESS.ManagePayrollSteps - Hit add Job to Registor
]]></system-err>
  </testcase>
  <testcase name="verifySubmitAndPrintSpecialPayrollRegister" classname="com.aptafund.test.features.login.Payroll.ManagePayrollTest" time="0">
    <skipped/>
    <system-err><![CDATA[[main] ERROR net.serenitybdd.core.Serenity - 
           __  _____ _____ ____ _____   _____ _    ___ _     _____ ____  
  _       / / |_   _| ____/ ___|_   _| |  ___/ \  |_ _| |   | ____|  _ \ 
 (_)_____| |    | | |  _| \___ \ | |   | |_ / _ \  | || |   |  _| | | | |
  _|_____| |    | | | |___ ___) || |   |  _/ ___ \ | || |___| |___| |_| |
 (_)     | |    |_| |_____|____/ |_|   |_|/_/   \_\___|_____|_____|____/ 
          \_\                                                            

TEST FAILED WITH ERROR: Verify remove job to register
---------------------------------------------------------------------
[main] ERROR net.serenitybdd.core.Serenity - TEST FAILED AT STEP Add job to registor
[main] ERROR net.serenitybdd.core.Serenity - Timed out after 5 seconds. Element not found
]]></system-err>
  </testcase>
  <testcase name="voidRegister" classname="com.aptafund.test.features.login.Payroll.ManagePayrollTest" time="152.697">
    <error message="Timed out after 5 seconds. Element not found&#10;For documentation on this error, please visit: http://seleniumhq.org/exceptions/no_such_element.html&#10;Build info: version: &apos;2.53.0&apos;, revision: &apos;35ae25b1534ae328c771e0856c93e187490ca824&apos;, time: &apos;2016-03-15 10:43:46&apos;&#10;System info: host: &apos;ShariqM-PC&apos;, ip: &apos;10.14.5.80&apos;, os.name: &apos;Windows 8.1&apos;, os.arch: &apos;amd64&apos;, os.version: &apos;6.3&apos;, java.version: &apos;1.8.0_45&apos;&#10;Driver info: driver.version: unknown&#10;For documentation on this error, please visit: http://seleniumhq.org/exceptions/no_such_element.html&#10;Build info: version: &apos;2.53.0&apos;, revision: &apos;35ae25b1534ae328c771e0856c93e187490ca824&apos;, time: &apos;2016-03-15 10:43:46&apos;&#10;System info: host: &apos;ShariqM-PC&apos;, ip: &apos;10.14.5.80&apos;, os.name: &apos;Windows 8.1&apos;, os.arch: &apos;amd64&apos;, os.version: &apos;6.3&apos;, java.version: &apos;1.8.0_45&apos;&#10;Driver info: driver.version: unknown" type="org.openqa.selenium.NoSuchElementException">org.openqa.selenium.NoSuchElementException: Timed out after 5 seconds. Element not found
For documentation on this error, please visit: http://seleniumhq.org/exceptions/no_such_element.html
Build info: version: '2.53.0', revision: '35ae25b1534ae328c771e0856c93e187490ca824', time: '2016-03-15 10:43:46'
System info: host: 'ShariqM-PC', ip: '10.14.5.80', os.name: 'Windows 8.1', os.arch: 'amd64', os.version: '6.3', java.version: '1.8.0_45'
Driver info: driver.version: unknown
For documentation on this error, please visit: http://seleniumhq.org/exceptions/no_such_element.html
Build info: version: '2.53.0', revision: '35ae25b1534ae328c771e0856c93e187490ca824', time: '2016-03-15 10:43:46'
System info: host: 'ShariqM-PC', ip: '10.14.5.80', os.name: 'Windows 8.1', os.arch: 'amd64', os.version: '6.3', java.version: '1.8.0_45'
Driver info: driver.version: unknown
	at com.aptafund.test.pages.hrPayrollESS.ManagePayrollPage.selectEmpFromAddJobReg(ManagePayrollPage.java:450)
	at com.aptafund.test.steps.HRPayrollESS.ManagePayrollSteps.selectEmployeeFromAddJobReg(ManagePayrollSteps.java:137)
	at com.aptafund.test.features.login.Payroll.ManagePayrollTest.voidRegister(ManagePayrollTest.java:193)
</error>
    <system-out><![CDATA[org.openqa.selenium.NoSuchElementException: Timed out after 5 seconds. Element not found
For documentation on this error, please visit: http://seleniumhq.org/exceptions/no_such_element.html
Build info: version: '2.53.0', revision: '35ae25b1534ae328c771e0856c93e187490ca824', time: '2016-03-15 10:43:46'
System info: host: 'ShariqM-PC', ip: '10.14.5.80', os.name: 'Windows 8.1', os.arch: 'amd64', os.version: '6.3', java.version: '1.8.0_45'
Driver info: driver.version: unknown
]]></system-out>
    <system-err><![CDATA[[main] INFO net.thucydides.core.webdriver.WebDriverFactory - Setting browser dimensions to 700/1280
[main] INFO com.aptafund.test.pages.commonPages.AptaLoginPage - Verifying the title of the Home Page
[main] INFO com.aptafund.test.pages.commonPages.AptaHomePage - Verifying the Title of Home Page 
[main] INFO com.aptafund.test.pages.hrPayrollESS.HrPayrollEssHomePage - Waiting for HR, Payroll & ESS
[main] INFO com.aptafund.test.pages.hrPayrollESS.HrPayrollEssHomePage - Clicked on HR, Payroll & ESS
[main] INFO com.aptafund.test.pages.hrPayrollESS.HrPayrollEssHomePage - HR, Payroll & ESS link has been clicked
[main] INFO com.aptafund.test.pages.hrPayrollESS.HrPayrollEssHomePage - Waiting for Manage Payroll to be clickable
[main] INFO com.aptafund.test.pages.hrPayrollESS.HrPayrollEssHomePage - Clicking on Manage Payroll
[main] INFO com.aptafund.test.pages.hrPayrollESS.HrPayrollEssHomePage - Manage Payroll link has been clicked
[main] INFO com.aptafund.test.pages.hrPayrollESS.HrPayrollEssHomePage - Waiting for Add button on Manage Payroll
[main] INFO com.aptafund.test.pages.hrPayrollESS.HrPayrollEssHomePage - Clicking on Add button through Manage Payroll
[main] INFO com.aptafund.test.pages.hrPayrollESS.HrPayrollEssHomePage - Add button through Manage Payroll has been clicked
[main] INFO com.aptafund.test.steps.HRPayrollESS.ManagePayrollSteps - Selecting the value from the Payroll Cycle
[main] INFO com.aptafund.test.steps.HRPayrollESS.ManagePayrollSteps - Value of Biweekly has been selected from Payroll Cycle dropdown.
[main] INFO com.aptafund.test.steps.HRPayrollESS.ManagePayrollSteps - Selecting the Biweekly value from the Payroll Cycle List Box
[main] INFO com.aptafund.test.steps.HRPayrollESS.ManagePayrollSteps - Selecting the value from the Payroll Cycle
[main] INFO com.aptafund.test.steps.HRPayrollESS.ManagePayrollSteps - Value of Biweekly has been selected from Payroll Cycle dropdown.
[main] INFO com.aptafund.test.steps.HRPayrollESS.ManagePayrollSteps - Selecting the Biweekly value from the Payroll Cycle List Box
[main] INFO com.aptafund.test.steps.HRPayrollESS.ManagePayrollSteps - Open the Register Drop down
[main] INFO com.aptafund.test.steps.HRPayrollESS.ManagePayrollSteps - Value of Biweekly has been selected from Payroll Cycle dropdown.
[main] INFO com.aptafund.test.steps.HRPayrollESS.ManagePayrollSteps - Selecting the Register value from the Register Type  List Box
[main] INFO com.aptafund.test.steps.HRPayrollESS.ManagePayrollSteps - Define the description of the Register
[main] INFO com.aptafund.test.steps.HRPayrollESS.ManagePayrollSteps - Hit Save add register option
[main] INFO com.aptafund.test.steps.HRPayrollESS.ManagePayrollSteps - Capture Currently added Registor number.
[main] INFO com.aptafund.test.steps.HRPayrollESS.ManagePayrollSteps - Click on Return to Search option to get back on Main search page.
[main] INFO com.aptafund.test.steps.HRPayrollESS.ManagePayrollSteps - Hit add Job to Registor
[main] INFO com.aptafund.test.steps.HRPayrollESS.ManagePayrollSteps - Apply Check in the Checkbox for selecting the newly added Register
[main] INFO com.aptafund.test.steps.HRPayrollESS.ManagePayrollSteps - Click on the Edit button to Edit the Job
[main] INFO com.aptafund.test.steps.HRPayrollESS.ManagePayrollSteps - Hit add Job to Registor
[main] INFO com.aptafund.test.steps.HRPayrollESS.ManagePayrollSteps - select employee value from Employee DD from add register
]]></system-err>
  </testcase>
</testsuite>