<?xml version="1.0" encoding="UTF-8"?>
<testsuite name="com.aptafund.test.features.login.Payroll.ManageDeductionTest" time="487.46" tests="4" errors="2" skipped="0" failures="0">
  <properties>
    <property name="idea.version" value="2017.1.4"/>
    <property name="java.runtime.name" value="Java(TM) SE Runtime Environment"/>
    <property name="sun.boot.library.path" value="C:\Program Files\Java\jdk1.8.0_45\jre\bin"/>
    <property name="java.vm.version" value="25.45-b02"/>
    <property name="java.vm.vendor" value="Oracle Corporation"/>
    <property name="maven.multiModuleProjectDirectory" value="D:\Workspace\POC"/>
    <property name="java.vendor.url" value="http://java.oracle.com/"/>
    <property name="path.separator" value=";"/>
    <property name="guice.disable.misplaced.annotation.check" value="true"/>
    <property name="java.vm.name" value="Java HotSpot(TM) 64-Bit Server VM"/>
    <property name="file.encoding.pkg" value="sun.io"/>
    <property name="user.script" value=""/>
    <property name="user.country" value="US"/>
    <property name="sun.java.launcher" value="SUN_STANDARD"/>
    <property name="sun.os.patch.level" value=""/>
    <property name="java.vm.specification.name" value="Java Virtual Machine Specification"/>
    <property name="user.dir" value="D:\Workspace\POC"/>
    <property name="java.runtime.version" value="1.8.0_45-b15"/>
    <property name="java.awt.graphicsenv" value="sun.awt.Win32GraphicsEnvironment"/>
    <property name="java.endorsed.dirs" value="C:\Program Files\Java\jdk1.8.0_45\jre\lib\endorsed"/>
    <property name="os.arch" value="amd64"/>
    <property name="java.io.tmpdir" value="C:\Users\SMUHAM~1\AppData\Local\Temp\"/>
    <property name="line.separator" value="&#10;"/>
    <property name="java.vm.specification.vendor" value="Oracle Corporation"/>
    <property name="user.variant" value=""/>
    <property name="os.name" value="Windows 8.1"/>
    <property name="classworlds.conf" value="C:\Program Files\JetBrains\IntelliJ IDEA 2017.1.4\plugins\maven\lib\maven3\bin\m2.conf"/>
    <property name="sun.jnu.encoding" value="Cp1252"/>
    <property name="java.library.path" value="C:\Program Files\Java\jdk1.8.0_45\bin;C:\Windows\Sun\Java\bin;C:\Windows\system32;C:\Windows;C:\ProgramData\Oracle\Java\javapath;C:\Program Files (x86)\Intel\iCLS Client\;C:\Program Files\Intel\iCLS Client\;C:\Windows\system32;C:\Windows;C:\Windows\System32\Wbem;C:\Windows\System32\WindowsPowerShell\v1.0\;C:\Program Files (x86)\Intel\Intel(R) Management Engine Components\DAL;C:\Program Files\Intel\Intel(R) Management Engine Components\DAL;C:\Program Files (x86)\Intel\Intel(R) Management Engine Components\IPT;C:\Program Files\Intel\Intel(R) Management Engine Components\IPT;C:\Users\smuhammad\ANT\apache-ant-1.9.7\apache-ant-1.9.7\bin;C:\Program Files (x86)\Skype\Phone\;C:\Program Files\apache-maven-3.5.0\bin;."/>
    <property name="java.specification.name" value="Java Platform API Specification"/>
    <property name="java.class.version" value="52.0"/>
    <property name="sun.management.compiler" value="HotSpot 64-Bit Tiered Compilers"/>
    <property name="os.version" value="6.3"/>
    <property name="user.home" value="C:\Users\smuhammad"/>
    <property name="user.timezone" value="Asia/Karachi"/>
    <property name="java.awt.printerjob" value="sun.awt.windows.WPrinterJob"/>
    <property name="java.specification.version" value="1.8"/>
    <property name="file.encoding" value="UTF-8"/>
    <property name="user.name" value="smuhammad"/>
    <property name="java.class.path" value="C:\Program Files\JetBrains\IntelliJ IDEA 2017.1.4\plugins\maven\lib\maven3\boot\plexus-classworlds-2.5.2.jar;C:\Program Files\JetBrains\IntelliJ IDEA 2017.1.4\lib\idea_rt.jar"/>
    <property name="java.vm.specification.version" value="1.8"/>
    <property name="sun.arch.data.model" value="64"/>
    <property name="java.home" value="C:\Program Files\Java\jdk1.8.0_45\jre"/>
    <property name="sun.java.command" value="org.codehaus.classworlds.Launcher -Didea.version=2017.1.4 verify"/>
    <property name="java.specification.vendor" value="Oracle Corporation"/>
    <property name="user.language" value="en"/>
    <property name="awt.toolkit" value="sun.awt.windows.WToolkit"/>
    <property name="java.vm.info" value="mixed mode"/>
    <property name="java.version" value="1.8.0_45"/>
    <property name="java.ext.dirs" value="C:\Program Files\Java\jdk1.8.0_45\jre\lib\ext;C:\Windows\Sun\Java\lib\ext"/>
    <property name="sun.boot.class.path" value="C:\Program Files\Java\jdk1.8.0_45\jre\lib\resources.jar;C:\Program Files\Java\jdk1.8.0_45\jre\lib\rt.jar;C:\Program Files\Java\jdk1.8.0_45\jre\lib\sunrsasign.jar;C:\Program Files\Java\jdk1.8.0_45\jre\lib\jsse.jar;C:\Program Files\Java\jdk1.8.0_45\jre\lib\jce.jar;C:\Program Files\Java\jdk1.8.0_45\jre\lib\charsets.jar;C:\Program Files\Java\jdk1.8.0_45\jre\lib\jfr.jar;C:\Program Files\Java\jdk1.8.0_45\jre\classes"/>
    <property name="java.vendor" value="Oracle Corporation"/>
    <property name="maven.home" value="C:\Program Files\JetBrains\IntelliJ IDEA 2017.1.4\plugins\maven\lib\maven3"/>
    <property name="file.separator" value="\"/>
    <property name="java.vendor.url.bug" value="http://bugreport.sun.com/bugreport/"/>
    <property name="sun.cpu.endian" value="little"/>
    <property name="sun.io.unicode.encoding" value="UnicodeLittle"/>
    <property name="sun.desktop" value="windows"/>
    <property name="sun.cpu.isalist" value="amd64"/>
  </properties>
  <testcase name="verifyAddSystemDeduction" classname="com.aptafund.test.features.login.Payroll.ManageDeductionTest" time="58.699"/>
  <testcase name="verifyAddFixedAmountCalculationDeduction" classname="com.aptafund.test.features.login.Payroll.ManageDeductionTest" time="136.434"/>
  <testcase name="verifyDisableFixedAmountDeduction" classname="com.aptafund.test.features.login.Payroll.ManageDeductionTest" time="160.179">
    <error message="Element is not clickable at point (1105.0833740234375, 136.46665954589844). Other element would receive the click: &lt;div style=&quot;display: block; z-index: 10004; opacity: 0.5;&quot; class=&quot;k-overlay&quot;&gt;&lt;/div&gt;&#10;Command duration or timeout: 78 milliseconds&#10;Build info: version: &apos;2.53.0&apos;, revision: &apos;35ae25b1534ae328c771e0856c93e187490ca824&apos;, time: &apos;2016-03-15 10:43:46&apos;&#10;System info: host: &apos;ShariqM-PC&apos;, ip: &apos;10.14.5.80&apos;, os.name: &apos;Windows 8.1&apos;, os.arch: &apos;amd64&apos;, os.version: &apos;6.3&apos;, java.version: &apos;1.8.0_45&apos;&#10;Driver info: org.openqa.selenium.firefox.FirefoxDriver&#10;Capabilities [{applicationCacheEnabled=true, rotatable=false, handlesAlerts=true, databaseEnabled=true, version=46.0.1, platform=WINDOWS, nativeEvents=false, acceptSslCerts=true, webStorageEnabled=true, locationContextEnabled=true, browserName=firefox, takesScreenshot=true, javascriptEnabled=true, cssSelectorsEnabled=true}]&#10;Session ID: 79f38e2f-4f93-4053-9641-91348e6111be&#10;Build info: version: &apos;2.53.0&apos;, revision: &apos;35ae25b1534ae328c771e0856c93e187490ca824&apos;, time: &apos;2016-03-15 10:43:46&apos;&#10;System info: host: &apos;ShariqM-PC&apos;, ip: &apos;10.14.5.80&apos;, os.name: &apos;Windows 8.1&apos;, os.arch: &apos;amd64&apos;, os.version: &apos;6.3&apos;, java.version: &apos;1.8.0_45&apos;&#10;Driver info: driver.version: unknown" type="org.openqa.selenium.WebDriverException"><![CDATA[org.openqa.selenium.WebDriverException: Element is not clickable at point (1105.0833740234375, 136.46665954589844). Other element would receive the click: <div style="display: block; z-index: 10004; opacity: 0.5;" class="k-overlay"></div>
Command duration or timeout: 78 milliseconds
Build info: version: '2.53.0', revision: '35ae25b1534ae328c771e0856c93e187490ca824', time: '2016-03-15 10:43:46'
System info: host: 'ShariqM-PC', ip: '10.14.5.80', os.name: 'Windows 8.1', os.arch: 'amd64', os.version: '6.3', java.version: '1.8.0_45'
Driver info: org.openqa.selenium.firefox.FirefoxDriver
Capabilities [{applicationCacheEnabled=true, rotatable=false, handlesAlerts=true, databaseEnabled=true, version=46.0.1, platform=WINDOWS, nativeEvents=false, acceptSslCerts=true, webStorageEnabled=true, locationContextEnabled=true, browserName=firefox, takesScreenshot=true, javascriptEnabled=true, cssSelectorsEnabled=true}]
Session ID: 79f38e2f-4f93-4053-9641-91348e6111be
Build info: version: '2.53.0', revision: '35ae25b1534ae328c771e0856c93e187490ca824', time: '2016-03-15 10:43:46'
System info: host: 'ShariqM-PC', ip: '10.14.5.80', os.name: 'Windows 8.1', os.arch: 'amd64', os.version: '6.3', java.version: '1.8.0_45'
Driver info: driver.version: unknown
	at com.aptafund.test.pages.hrPayrollESS.ManageDeductionsPage.disableDeductionSet(ManageDeductionsPage.java:360)
	at com.aptafund.test.steps.HRPayrollESS.ManageDeductionSteps.disableDeductionAssignment(ManageDeductionSteps.java:84)
	at com.aptafund.test.features.login.Payroll.ManageDeductionTest.verifyDisableFixedAmountDeduction(ManageDeductionTest.java:95)
]]></error>
    <system-out><![CDATA[org.openqa.selenium.WebDriverException: Element is not clickable at point (1105.0833740234375, 136.46665954589844). Other element would receive the click: <div style="display: block; z-index: 10004; opacity: 0.5;" class="k-overlay"></div>
Command duration or timeout: 78 milliseconds
Build info: version: '2.53.0', revision: '35ae25b1534ae328c771e0856c93e187490ca824', time: '2016-03-15 10:43:46'
System info: host: 'ShariqM-PC', ip: '10.14.5.80', os.name: 'Windows 8.1', os.arch: 'amd64', os.version: '6.3', java.version: '1.8.0_45'
Driver info: org.openqa.selenium.firefox.FirefoxDriver
Capabilities [{applicationCacheEnabled=true, rotatable=false, handlesAlerts=true, databaseEnabled=true, version=46.0.1, platform=WINDOWS, nativeEvents=false, acceptSslCerts=true, webStorageEnabled=true, locationContextEnabled=true, browserName=firefox, takesScreenshot=true, javascriptEnabled=true, cssSelectorsEnabled=true}]
Session ID: 79f38e2f-4f93-4053-9641-91348e6111be
]]></system-out>
    <system-err><![CDATA[[main] INFO net.thucydides.core.webdriver.WebDriverFactory - Setting browser dimensions to 700/1280
[main] INFO com.aptafund.test.pages.commonPages.AptaLoginPage - Verifying the title of the Home Page
[main] INFO com.aptafund.test.pages.commonPages.AptaHomePage - Verifying the Title of Home Page 
[main] INFO com.aptafund.test.pages.hrPayrollESS.HrPayrollEssHomePage - Waiting for HR, Payroll & ESS
[main] INFO com.aptafund.test.pages.hrPayrollESS.HrPayrollEssHomePage - Clicked on HR, Payroll & ESS
[main] INFO com.aptafund.test.pages.hrPayrollESS.HrPayrollEssHomePage - HR, Payroll & ESS link has been clicked
[main] INFO com.aptafund.test.pages.hrPayrollESS.ManageDeductionsPage - Waiting for Employee Jobs link to be clickable
[main] INFO com.aptafund.test.pages.hrPayrollESS.ManageDeductionsPage - Adding Deduction Name Details
[main] INFO com.aptafund.test.pages.hrPayrollESS.ManageDeductionsPage - Enter Full Name Oswald
[main] INFO com.aptafund.test.pages.hrPayrollESS.ManageDeductionsPage - Employee Name > Oswald
]]></system-err>
  </testcase>
  <testcase name="verifyAddPercentageCalculationDeduction" classname="com.aptafund.test.features.login.Payroll.ManageDeductionTest" time="132.148">
    <error message="Timed out after 60 seconds waiting for com.aptafund.test.actions.WaitActions$1@11c50812&#10;Build info: version: &apos;2.53.0&apos;, revision: &apos;35ae25b1534ae328c771e0856c93e187490ca824&apos;, time: &apos;2016-03-15 10:43:46&apos;&#10;System info: host: &apos;ShariqM-PC&apos;, ip: &apos;10.14.5.80&apos;, os.name: &apos;Windows 8.1&apos;, os.arch: &apos;amd64&apos;, os.version: &apos;6.3&apos;, java.version: &apos;1.8.0_45&apos;&#10;Driver info: net.thucydides.core.webdriver.WebDriverFacade&#10;Build info: version: &apos;2.53.0&apos;, revision: &apos;35ae25b1534ae328c771e0856c93e187490ca824&apos;, time: &apos;2016-03-15 10:43:46&apos;&#10;System info: host: &apos;ShariqM-PC&apos;, ip: &apos;10.14.5.80&apos;, os.name: &apos;Windows 8.1&apos;, os.arch: &apos;amd64&apos;, os.version: &apos;6.3&apos;, java.version: &apos;1.8.0_45&apos;&#10;Driver info: driver.version: unknown" type="org.openqa.selenium.TimeoutException">org.openqa.selenium.TimeoutException: Timed out after 60 seconds waiting for com.aptafund.test.actions.WaitActions$1@11c50812
Build info: version: '2.53.0', revision: '35ae25b1534ae328c771e0856c93e187490ca824', time: '2016-03-15 10:43:46'
System info: host: 'ShariqM-PC', ip: '10.14.5.80', os.name: 'Windows 8.1', os.arch: 'amd64', os.version: '6.3', java.version: '1.8.0_45'
Driver info: net.thucydides.core.webdriver.WebDriverFacade
Build info: version: '2.53.0', revision: '35ae25b1534ae328c771e0856c93e187490ca824', time: '2016-03-15 10:43:46'
System info: host: 'ShariqM-PC', ip: '10.14.5.80', os.name: 'Windows 8.1', os.arch: 'amd64', os.version: '6.3', java.version: '1.8.0_45'
Driver info: driver.version: unknown
	at com.aptafund.test.actions.WaitActions.waitUntilLoaded(WaitActions.java:28)
	at com.aptafund.test.pages.hrPayrollESS.ManageDeductionsPage.clickonPPP(ManageDeductionsPage.java:365)
	at com.aptafund.test.steps.HRPayrollESS.ManageDeductionSteps.addManageDeductionUsingPercentageCalculation(ManageDeductionSteps.java:57)
	at com.aptafund.test.features.login.Payroll.ManageDeductionTest.verifyAddPercentageCalculationDeduction(ManageDeductionTest.java:73)
</error>
    <system-out><![CDATA[org.openqa.selenium.TimeoutException: Timed out after 60 seconds waiting for com.aptafund.test.actions.WaitActions$1@11c50812
Build info: version: '2.53.0', revision: '35ae25b1534ae328c771e0856c93e187490ca824', time: '2016-03-15 10:43:46'
System info: host: 'ShariqM-PC', ip: '10.14.5.80', os.name: 'Windows 8.1', os.arch: 'amd64', os.version: '6.3', java.version: '1.8.0_45'
Driver info: net.thucydides.core.webdriver.WebDriverFacade
]]></system-out>
    <system-err><![CDATA[[main] ERROR net.serenitybdd.core.Serenity - 
           __  _____ _____ ____ _____   _____ _    ___ _     _____ ____  
  _       / / |_   _| ____/ ___|_   _| |  ___/ \  |_ _| |   | ____|  _ \ 
 (_)_____| |    | | |  _| \___ \ | |   | |_ / _ \  | || |   |  _| | | | |
  _|_____| |    | | | |___ ___) || |   |  _/ ___ \ | || |___| |___| |_| |
 (_)     | |    |_| |_____|____/ |_|   |_|/_/   \_\___|_____|_____|____/ 
          \_\                                                            

TEST FAILED WITH ERROR: Verify disable fixed amount deduction
---------------------------------------------------------------------
[main] ERROR net.serenitybdd.core.Serenity - TEST FAILED AT STEP Disable deduction assignment
[main] ERROR net.serenitybdd.core.Serenity - Element is not clickable at point (1105.0833740234375, 136.46665954589844). Other element would receive the click: <div style="display: block; z-index: 10004; opacity: 0.5;" class="k-overlay"></div>
[main] INFO net.thucydides.core.webdriver.WebDriverFactory - Setting browser dimensions to 700/1280
[main] INFO com.aptafund.test.pages.commonPages.AptaLoginPage - Verifying the title of the Home Page
[main] INFO com.aptafund.test.pages.commonPages.AptaHomePage - Verifying the Title of Home Page 
[main] INFO com.aptafund.test.pages.hrPayrollESS.HrPayrollEssHomePage - Waiting for HR, Payroll & ESS
[main] INFO com.aptafund.test.pages.hrPayrollESS.HrPayrollEssHomePage - Clicked on HR, Payroll & ESS
[main] INFO com.aptafund.test.pages.hrPayrollESS.HrPayrollEssHomePage - HR, Payroll & ESS link has been clicked
[main] INFO com.aptafund.test.pages.hrPayrollESS.ManageDeductionsPage - Waiting for Employee Jobs link to be clickable
[main] INFO com.aptafund.test.pages.hrPayrollESS.ManageDeductionsPage - Adding Deduction Name Details
[main] INFO com.aptafund.test.pages.hrPayrollESS.ManageDeductionsPage - Enter Full Name Angelo
[main] INFO com.aptafund.test.pages.hrPayrollESS.ManageDeductionsPage - Employee Name > Angelo
]]></system-err>
  </testcase>
</testsuite>