<acceptance-test-run title="Create account activity by purchase order" name="createAccountActivityByPurchaseOrder" steps="5" successful="4" failures="0" errors="1" skipped="0" ignored="0" pending="0" annotated-result="ERROR" result="ERROR" duration="64802" timestamp="2018-02-28T15:47:20.190+05:00" session-id="a873660a-b2f8-4900-92b9-abb11ac5f3e9">
  <user-story id="com.aptafund.test.features.login.Reports.ReportsTest" name="Reports test" path="com.aptafund.test.features.login.Reports"/>
  <tags>
    <tag name="High" type="Priority"/>
    <tag name="Regression Level 3" type="release"/>
    <tag name="Reports test" type="story"/>
  </tags>
  <test-step result="SUCCESS" duration="22152">
    <description>Navigate to login page</description>
  </test-step>
  <test-step result="SUCCESS" duration="11651">
    <description>Login into apta as requisitionor</description>
  </test-step>
  <test-step result="SUCCESS" duration="5258">
    <description>Navigate to my apta fund</description>
  </test-step>
  <test-step result="SUCCESS" duration="7311">
    <description>Navigate to reports</description>
  </test-step>
  <test-step result="ERROR" duration="18392">
    <screenshots>
      <screenshot image="2ff7d46f89e6c18a1228fccb3518c576.png" source="pagesource4955913922173119946.html.txt"/>
    </screenshots>
    <description>Create account activity by purchase order report</description>
    <error>org.openqa.selenium.WebDriverException: Element is not clickable at point (260.6999969482422, 579.816650390625). Other element would receive the click: &lt;div id=&quot;footer&quot;&gt;&lt;/div&gt;
Command duration or timeout: 83 milliseconds
Build info: version: &apos;2.53.0&apos;, revision: &apos;35ae25b1534ae328c771e0856c93e187490ca824&apos;, time: &apos;2016-03-15 10:43:46&apos;
System info: host: &apos;ShariqM-PC&apos;, ip: &apos;10.14.5.80&apos;, os.name: &apos;Windows 8.1&apos;, os.arch: &apos;amd64&apos;, os.version: &apos;6.3&apos;, java.version: &apos;1.8.0_45&apos;
Driver info: org.openqa.selenium.firefox.FirefoxDriver
Capabilities [{applicationCacheEnabled=true, rotatable=false, handlesAlerts=true, databaseEnabled=true, version=46.0.1, platform=WINDOWS, nativeEvents=false, acceptSslCerts=true, webStorageEnabled=true, locationContextEnabled=true, browserName=firefox, takesScreenshot=true, javascriptEnabled=true, cssSelectorsEnabled=true}]
Session ID: a873660a-b2f8-4900-92b9-abb11ac5f3e9</error>
    <exception>org.openqa.selenium.WebDriverException:Element is not clickable at point (260.6999969482422, 579.816650390625). Other element would receive the click: &lt;div id=&quot;footer&quot;&gt;&lt;/div&gt;
Command duration or timeout: 83 milliseconds
Build info: version: &apos;2.53.0&apos;, revision: &apos;35ae25b1534ae328c771e0856c93e187490ca824&apos;, time: &apos;2016-03-15 10:43:46&apos;
System info: host: &apos;ShariqM-PC&apos;, ip: &apos;10.14.5.80&apos;, os.name: &apos;Windows 8.1&apos;, os.arch: &apos;amd64&apos;, os.version: &apos;6.3&apos;, java.version: &apos;1.8.0_45&apos;
Driver info: org.openqa.selenium.firefox.FirefoxDriver
Capabilities [{applicationCacheEnabled=true, rotatable=false, handlesAlerts=true, databaseEnabled=true, version=46.0.1, platform=WINDOWS, nativeEvents=false, acceptSslCerts=true, webStorageEnabled=true, locationContextEnabled=true, browserName=firefox, takesScreenshot=true, javascriptEnabled=true, cssSelectorsEnabled=true}]
Session ID: a873660a-b2f8-4900-92b9-abb11ac5f3e9&#xd;
[com.aptafund.test.pages.Reports.ReportsPage.clickOnReportToXLSForAAbyPO(ReportsPage.java:102), com.aptafund.test.steps.MyAptaFund.ReportSteps.createAccountActivityByPurchaseOrderReport(ReportSteps.java:45), com.aptafund.test.features.login.Reports.ReportsTest.createAccountActivityByPurchaseOrder(ReportsTest.java:125)]</exception>
  </test-step>
</acceptance-test-run>