<acceptance-test-run title="Verify add employee salary job" name="verifyAddEmployeeSalaryJob" steps="9" successful="3" failures="0" errors="1" skipped="5" ignored="0" pending="0" annotated-result="ERROR" result="ERROR" duration="84657" timestamp="2018-05-03T21:03:56.715+05:00" session-id="b55bb4bf-249c-41a7-a9c1-a192a8af10b7">
  <user-story id="com.aptafund.test.features.login.HumanResource.EmployeeJobsTest" name="Employee jobs test" path="com.aptafund.test.features.login.HumanResource"/>
  <tags>
    <tag name="High" type="Priority"/>
    <tag name="Smoke-Test" type="release"/>
    <tag name="Employee jobs test" type="story"/>
  </tags>
  <test-step result="SUCCESS" duration="21543">
    <description>Navigate to login page</description>
  </test-step>
  <test-step result="SUCCESS" duration="24283">
    <description>Login into apta</description>
  </test-step>
  <test-step result="SUCCESS" duration="20230">
    <description>Navigate to payroll</description>
  </test-step>
  <test-step result="ERROR" duration="18348">
    <screenshots>
      <screenshot image="f109e2851becdeea80dfe6afb500386b.png" source="pagesource1287472541394227061.html.txt"/>
    </screenshots>
    <description>Navigate to employee jobs</description>
    <error>org.openqa.selenium.ElementNotVisibleException: Timed out after 15 seconds. Element not available
Build info: version: &apos;2.53.0&apos;, revision: &apos;35ae25b1534ae328c771e0856c93e187490ca824&apos;, time: &apos;2016-03-15 10:43:46&apos;
System info: host: &apos;ShariqM-PC&apos;, ip: &apos;10.14.5.80&apos;, os.name: &apos;Windows 8.1&apos;, os.arch: &apos;amd64&apos;, os.version: &apos;6.3&apos;, java.version: &apos;1.8.0_45&apos;
Driver info: driver.version: unknown</error>
    <exception>org.openqa.selenium.ElementNotVisibleException:Timed out after 15 seconds. Element not available
Build info: version: &apos;2.53.0&apos;, revision: &apos;35ae25b1534ae328c771e0856c93e187490ca824&apos;, time: &apos;2016-03-15 10:43:46&apos;
System info: host: &apos;ShariqM-PC&apos;, ip: &apos;10.14.5.80&apos;, os.name: &apos;Windows 8.1&apos;, os.arch: &apos;amd64&apos;, os.version: &apos;6.3&apos;, java.version: &apos;1.8.0_45&apos;
Driver info: driver.version: unknown&#xd;
[com.aptafund.test.actions.WaitActions.waitUntilLoaded(WaitActions.java:28), com.aptafund.test.pages.hrPayrollESS.EmployeeJobsPage.clickOnEmployeeJobs(EmployeeJobsPage.java:361), com.aptafund.test.steps.HRPayrollESS.EmployeeJobsSteps.navigateToEmployeeJobs(EmployeeJobsSteps.java:37), com.aptafund.test.features.login.HumanResource.EmployeeJobsTest.verifyAddEmployeeSalaryJob(EmployeeJobsTest.java:52)]</exception>
  </test-step>
  <test-step result="SKIPPED" duration="0">
    <description>Add new employee job</description>
  </test-step>
  <test-step result="SKIPPED" duration="0">
    <description>Verify salary</description>
  </test-step>
  <test-step result="SKIPPED" duration="0">
    <description>Verify full time pay rate</description>
  </test-step>
  <test-step result="SKIPPED" duration="0">
    <description>Approve employee job</description>
  </test-step>
  <test-step result="SKIPPED" duration="0">
    <description>Submit job to payroll</description>
  </test-step>
</acceptance-test-run>