<acceptance-test-run title="Approve level1 purchase requisition" name="approveLevel1PurchaseRequisition" steps="26" successful="22" failures="0" errors="1" skipped="3" ignored="0" pending="0" annotated-result="ERROR" result="ERROR" duration="276651" timestamp="2018-04-25T16:59:42.815+05:00" session-id="3e854fe9-661f-416c-861c-0479af4193f7">
  <user-story id="com.aptafund.test.features.login.PurchasingAndPayables.PurchaseRequisitionTest" name="Purchase requisition test" path="com.aptafund.test.features.login.PurchasingAndPayables"/>
  <tags>
    <tag name="High" type="Priority"/>
    <tag name="Regression Level 2" type="release"/>
    <tag name="Purchase requisition test" type="story"/>
  </tags>
  <test-step result="SUCCESS" duration="12838">
    <description>Navigate to login page</description>
  </test-step>
  <test-step result="SUCCESS" duration="6924">
    <description>Login into apta as requisitionor</description>
  </test-step>
  <test-step result="SUCCESS" duration="5303">
    <description>Navigate to my apta fund</description>
  </test-step>
  <test-step result="SUCCESS" duration="11871">
    <description>Navigate to purchase requisition</description>
  </test-step>
  <test-step result="SUCCESS" duration="16675">
    <description>Add purchase requisiton</description>
  </test-step>
  <test-step result="SUCCESS" duration="12347">
    <description>Add suggested ordering vendor</description>
  </test-step>
  <test-step result="SUCCESS" duration="6360">
    <description>Add comments</description>
  </test-step>
  <test-step result="SUCCESS" duration="9037">
    <description>Save purchase requisition</description>
  </test-step>
  <test-step result="SUCCESS" duration="45267">
    <description>Get requisition number value</description>
  </test-step>
  <test-step result="SUCCESS" duration="8863">
    <description>Click add requested item</description>
  </test-step>
  <test-step result="SUCCESS" duration="2733">
    <description>Set unit price for line item</description>
  </test-step>
  <test-step result="SUCCESS" duration="4883">
    <description>Set account code</description>
  </test-step>
  <test-step result="SUCCESS" duration="141">
    <description>Set item description</description>
  </test-step>
  <test-step result="SUCCESS" duration="1302">
    <description>Save PR item line</description>
  </test-step>
  <test-step result="SUCCESS" duration="6159">
    <description>Close line item popup</description>
  </test-step>
  <test-step result="SUCCESS" duration="10260">
    <description>Submit PR</description>
  </test-step>
  <test-step result="SUCCESS" duration="9863">
    <description>Confirm submit</description>
  </test-step>
  <test-step result="SUCCESS" duration="10569">
    <description>Close PR pop up</description>
  </test-step>
  <test-step result="SUCCESS" duration="18161">
    <description>Logout application</description>
  </test-step>
  <test-step result="SUCCESS" duration="1686">
    <description>Navigate to login page</description>
  </test-step>
  <test-step result="SUCCESS" duration="5259">
    <description>Login into apta as approver1</description>
  </test-step>
  <test-step result="SUCCESS" duration="21422">
    <description>Navigate to my apta fund for app1</description>
  </test-step>
  <test-step result="ERROR" duration="48691">
    <screenshots>
      <screenshot image="78bd7c64a2845ae7b0d9c165f4845685.png" source="pagesource8623054198451750532.html.txt"/>
    </screenshots>
    <description>Navigate to my PR approvals</description>
    <error>org.openqa.selenium.NoSuchElementException: Timed out after 25 seconds waiting for net.serenitybdd.core.pages.WebElementFacadeImpl$1@1e120628
Build info: version: &apos;2.53.0&apos;, revision: &apos;35ae25b1534ae328c771e0856c93e187490ca824&apos;, time: &apos;2016-03-15 10:43:46&apos;
System info: host: &apos;ShariqM-PC&apos;, ip: &apos;10.14.5.80&apos;, os.name: &apos;Windows 8.1&apos;, os.arch: &apos;amd64&apos;, os.version: &apos;6.3&apos;, java.version: &apos;1.8.0_45&apos;
Driver info: driver.version: unknown
For documentation on this error, please visit: http://seleniumhq.org/exceptions/no_such_element.html
Build info: version: &apos;2.53.0&apos;, revision: &apos;35ae25b1534ae328c771e0856c93e187490ca824&apos;, time: &apos;2016-03-15 10:43:46&apos;
System info: host: &apos;ShariqM-PC&apos;, ip: &apos;10.14.5.80&apos;, os.name: &apos;Windows 8.1&apos;, os.arch: &apos;amd64&apos;, os.version: &apos;6.3&apos;, java.version: &apos;1.8.0_45&apos;
Driver info: driver.version: unknown</error>
    <exception>org.openqa.selenium.NoSuchElementException:Timed out after 25 seconds waiting for net.serenitybdd.core.pages.WebElementFacadeImpl$1@1e120628
Build info: version: &apos;2.53.0&apos;, revision: &apos;35ae25b1534ae328c771e0856c93e187490ca824&apos;, time: &apos;2016-03-15 10:43:46&apos;
System info: host: &apos;ShariqM-PC&apos;, ip: &apos;10.14.5.80&apos;, os.name: &apos;Windows 8.1&apos;, os.arch: &apos;amd64&apos;, os.version: &apos;6.3&apos;, java.version: &apos;1.8.0_45&apos;
Driver info: driver.version: unknown
For documentation on this error, please visit: http://seleniumhq.org/exceptions/no_such_element.html
Build info: version: &apos;2.53.0&apos;, revision: &apos;35ae25b1534ae328c771e0856c93e187490ca824&apos;, time: &apos;2016-03-15 10:43:46&apos;
System info: host: &apos;ShariqM-PC&apos;, ip: &apos;10.14.5.80&apos;, os.name: &apos;Windows 8.1&apos;, os.arch: &apos;amd64&apos;, os.version: &apos;6.3&apos;, java.version: &apos;1.8.0_45&apos;
Driver info: driver.version: unknown&#xd;
[com.aptafund.test.pages.MyAptaFund.MyPurchaseRequisitionApprovalsPage.navigateToMyPurchaseRequisitionApprovals(MyPurchaseRequisitionApprovalsPage.java:24), com.aptafund.test.steps.MyAptaFund.MyPRApprovalSteps.navigateToMyPRApprovals(MyPRApprovalSteps.java:28), com.aptafund.test.features.login.PurchasingAndPayables.PurchaseRequisitionTest.approveLevel1PurchaseRequisition(PurchaseRequisitionTest.java:776)]</exception>
  </test-step>
  <test-step result="SKIPPED" duration="0">
    <description>Search newly created PR for app1</description>
  </test-step>
  <test-step result="SKIPPED" duration="0">
    <description>Apply check for search for app1</description>
  </test-step>
  <test-step result="SKIPPED" duration="0">
    <description>Click approve using app1</description>
  </test-step>
</acceptance-test-run>