{"name":"approveLevel1PurchaseRequisition","testCaseName":"com.aptafund.test.features.login.PurchasingAndPayables.PurchaseRequisitionTest","testSteps":[{"number":1,"description":"Navigate to login page","duration":12838,"startTime":1524657582849,"result":"SUCCESS"},{"number":2,"description":"Login into apta as requisitionor","duration":6924,"startTime":1524657595688,"result":"SUCCESS"},{"number":3,"description":"Navigate to my apta fund","duration":5303,"startTime":1524657602612,"result":"SUCCESS"},{"number":4,"description":"Navigate to purchase requisition","duration":11871,"startTime":1524657607915,"result":"SUCCESS"},{"number":5,"description":"Add purchase requisiton","duration":16675,"startTime":1524657619787,"result":"SUCCESS"},{"number":6,"description":"Add suggested ordering vendor","duration":12347,"startTime":1524657636462,"result":"SUCCESS"},{"number":7,"description":"Add comments","duration":6360,"startTime":1524657648809,"result":"SUCCESS"},{"number":8,"description":"Save purchase requisition","duration":9037,"startTime":1524657655169,"result":"SUCCESS"},{"number":9,"description":"Get requisition number value","duration":45267,"startTime":1524657664206,"result":"SUCCESS"},{"number":10,"description":"Click add requested item","duration":8863,"startTime":1524657709473,"result":"SUCCESS"},{"number":11,"description":"Set unit price for line item","duration":2733,"startTime":1524657718336,"result":"SUCCESS"},{"number":12,"description":"Set account code","duration":4883,"startTime":1524657721069,"result":"SUCCESS"},{"number":13,"description":"Set item description","duration":141,"startTime":1524657725953,"result":"SUCCESS"},{"number":14,"description":"Save PR item line","duration":1302,"startTime":1524657726094,"result":"SUCCESS"},{"number":15,"description":"Close line item popup","duration":6159,"startTime":1524657727396,"result":"SUCCESS"},{"number":16,"description":"Submit PR","duration":10260,"startTime":1524657733555,"result":"SUCCESS"},{"number":17,"description":"Confirm submit","duration":9863,"startTime":1524657743815,"result":"SUCCESS"},{"number":18,"description":"Close PR pop up","duration":10569,"startTime":1524657753678,"result":"SUCCESS"},{"number":19,"description":"Logout application","duration":18161,"startTime":1524657764247,"result":"SUCCESS"},{"number":20,"description":"Navigate to login page","duration":1686,"startTime":1524657782408,"result":"SUCCESS"},{"number":21,"description":"Login into apta as approver1","duration":5259,"startTime":1524657784094,"result":"SUCCESS"},{"number":22,"description":"Navigate to my apta fund for app1","duration":21422,"startTime":1524657789353,"result":"SUCCESS"},{"number":23,"description":"Navigate to my PR approvals","duration":48691,"startTime":1524657810775,"screenshots":[{"screenshot":"78bd7c64a2845ae7b0d9c165f4845685.png","htmlSource":"pagesource8623054198451750532.html.txt"}],"exception":{"errorType":"org.openqa.selenium.NoSuchElementException","message":"Timed out after 25 seconds waiting for net.serenitybdd.core.pages.WebElementFacadeImpl$1@1e120628\nBuild info: version: \u00272.53.0\u0027, revision: \u002735ae25b1534ae328c771e0856c93e187490ca824\u0027, time: \u00272016-03-15 10:43:46\u0027\nSystem info: host: \u0027ShariqM-PC\u0027, ip: \u002710.14.5.80\u0027, os.name: \u0027Windows 8.1\u0027, os.arch: \u0027amd64\u0027, os.version: \u00276.3\u0027, java.version: \u00271.8.0_45\u0027\nDriver info: driver.version: unknown\nFor documentation on this error, please visit: http://seleniumhq.org/exceptions/no_such_element.html\nBuild info: version: \u00272.53.0\u0027, revision: \u002735ae25b1534ae328c771e0856c93e187490ca824\u0027, time: \u00272016-03-15 10:43:46\u0027\nSystem info: host: \u0027ShariqM-PC\u0027, ip: \u002710.14.5.80\u0027, os.name: \u0027Windows 8.1\u0027, os.arch: \u0027amd64\u0027, os.version: \u00276.3\u0027, java.version: \u00271.8.0_45\u0027\nDriver info: driver.version: unknown","stackTrace":[{"declaringClass":"com.aptafund.test.pages.MyAptaFund.MyPurchaseRequisitionApprovalsPage","methodName":"navigateToMyPurchaseRequisitionApprovals","fileName":"MyPurchaseRequisitionApprovalsPage.java","lineNumber":24},{"declaringClass":"com.aptafund.test.steps.MyAptaFund.MyPRApprovalSteps","methodName":"navigateToMyPRApprovals","fileName":"MyPRApprovalSteps.java","lineNumber":28},{"declaringClass":"com.aptafund.test.features.login.PurchasingAndPayables.PurchaseRequisitionTest","methodName":"approveLevel1PurchaseRequisition","fileName":"PurchaseRequisitionTest.java","lineNumber":776}],"COLLAPSE_NEW_LINE_HINTS":["AssertionError","Expected","Expecting","ComparisonFailure"]},"result":"ERROR"},{"number":24,"description":"Search newly created PR for app1","duration":0,"startTime":1524657859466,"result":"SKIPPED"},{"number":25,"description":"Apply check for search for app1","duration":0,"startTime":1524657859466,"result":"SKIPPED"},{"number":26,"description":"Click approve using app1","duration":0,"startTime":1524657859466,"result":"SKIPPED"}],"userStory":{"id":"com.aptafund.test.features.login.PurchasingAndPayables.PurchaseRequisitionTest","storyName":"Purchase requisition test","storyClassName":"com.aptafund.test.features.login.PurchasingAndPayables.PurchaseRequisitionTest","path":"com.aptafund.test.features.login.PurchasingAndPayables","type":"story"},"title":"Approve level1 purchase requisition","tags":[{"name":"High","type":"Priority"},{"name":"Purchase requisition test","type":"story"},{"name":"Regression Level 2","type":"release"}],"startTime":1524657582815,"duration":276651,"testFailureCause":{"errorType":"org.openqa.selenium.NoSuchElementException","message":"Timed out after 25 seconds waiting for net.serenitybdd.core.pages.WebElementFacadeImpl$1@1e120628\nBuild info: version: \u00272.53.0\u0027, revision: \u002735ae25b1534ae328c771e0856c93e187490ca824\u0027, time: \u00272016-03-15 10:43:46\u0027\nSystem info: host: \u0027ShariqM-PC\u0027, ip: \u002710.14.5.80\u0027, os.name: \u0027Windows 8.1\u0027, os.arch: \u0027amd64\u0027, os.version: \u00276.3\u0027, java.version: \u00271.8.0_45\u0027\nDriver info: driver.version: unknown\nFor documentation on this error, please visit: http://seleniumhq.org/exceptions/no_such_element.html\nBuild info: version: \u00272.53.0\u0027, revision: \u002735ae25b1534ae328c771e0856c93e187490ca824\u0027, time: \u00272016-03-15 10:43:46\u0027\nSystem info: host: \u0027ShariqM-PC\u0027, ip: \u002710.14.5.80\u0027, os.name: \u0027Windows 8.1\u0027, os.arch: \u0027amd64\u0027, os.version: \u00276.3\u0027, java.version: \u00271.8.0_45\u0027\nDriver info: driver.version: unknown\nFor documentation on this error, please visit: http://seleniumhq.org/exceptions/no_such_element.html\nBuild info: version: \u00272.53.0\u0027, revision: \u002735ae25b1534ae328c771e0856c93e187490ca824\u0027, time: \u00272016-03-15 10:43:46\u0027\nSystem info: host: \u0027ShariqM-PC\u0027, ip: \u002710.14.5.80\u0027, os.name: \u0027Windows 8.1\u0027, os.arch: \u0027amd64\u0027, os.version: \u00276.3\u0027, java.version: \u00271.8.0_45\u0027\nDriver info: driver.version: unknown","stackTrace":[{"declaringClass":"com.aptafund.test.pages.MyAptaFund.MyPurchaseRequisitionApprovalsPage","methodName":"navigateToMyPurchaseRequisitionApprovals","fileName":"MyPurchaseRequisitionApprovalsPage.java","lineNumber":24},{"declaringClass":"com.aptafund.test.steps.MyAptaFund.MyPRApprovalSteps","methodName":"navigateToMyPRApprovals","fileName":"MyPRApprovalSteps.java","lineNumber":28},{"declaringClass":"com.aptafund.test.features.login.PurchasingAndPayables.PurchaseRequisitionTest","methodName":"approveLevel1PurchaseRequisition","fileName":"PurchaseRequisitionTest.java","lineNumber":776}],"COLLAPSE_NEW_LINE_HINTS":["AssertionError","Expected","Expecting","ComparisonFailure"]},"testFailureClassname":"org.openqa.selenium.NoSuchElementException","testFailureMessage":"Timed out after 25 seconds waiting for net.serenitybdd.core.pages.WebElementFacadeImpl$1@1e120628\nBuild info: version: \u00272.53.0\u0027, revision: \u002735ae25b1534ae328c771e0856c93e187490ca824\u0027, time: \u00272016-03-15 10:43:46\u0027\nSystem info: host: \u0027ShariqM-PC\u0027, ip: \u002710.14.5.80\u0027, os.name: \u0027Windows 8.1\u0027, os.arch: \u0027amd64\u0027, os.version: \u00276.3\u0027, java.version: \u00271.8.0_45\u0027\nDriver info: driver.version: unknown\nFor documentation on this error, please visit: http://seleniumhq.org/exceptions/no_such_element.html\nBuild info: version: \u00272.53.0\u0027, revision: \u002735ae25b1534ae328c771e0856c93e187490ca824\u0027, time: \u00272016-03-15 10:43:46\u0027\nSystem info: host: \u0027ShariqM-PC\u0027, ip: \u002710.14.5.80\u0027, os.name: \u0027Windows 8.1\u0027, os.arch: \u0027amd64\u0027, os.version: \u00276.3\u0027, java.version: \u00271.8.0_45\u0027\nDriver info: driver.version: unknown\nFor documentation on this error, please visit: http://seleniumhq.org/exceptions/no_such_element.html\nBuild info: version: \u00272.53.0\u0027, revision: \u002735ae25b1534ae328c771e0856c93e187490ca824\u0027, time: \u00272016-03-15 10:43:46\u0027\nSystem info: host: \u0027ShariqM-PC\u0027, ip: \u002710.14.5.80\u0027, os.name: \u0027Windows 8.1\u0027, os.arch: \u0027amd64\u0027, os.version: \u00276.3\u0027, java.version: \u00271.8.0_45\u0027\nDriver info: driver.version: unknown","annotatedResult":"ERROR","sessionId":"3e854fe9-661f-416c-861c-0479af4193f7","driver":"firefox","manual":false,"result":"ERROR"}