<acceptance-test-run title="Resubmit after disapprove purchase requisition" name="resubmitAfterDisapprovePurchaseRequisition" steps="37" successful="34" failures="0" errors="1" skipped="2" ignored="0" pending="0" annotated-result="ERROR" result="ERROR" duration="318174" timestamp="2018-03-02T22:44:24.661+05:00" session-id="65bdaef7-8c1b-4343-b185-77eb199ac5d7">
  <user-story id="com.aptafund.test.features.login.PurchasingAndPayables.PurchaseRequisitionTest" name="Purchase requisition test" path="com.aptafund.test.features.login.PurchasingAndPayables"/>
  <tags>
    <tag name="High" type="Priority"/>
    <tag name="Regression Level 2" type="release"/>
    <tag name="Purchase requisition test" type="story"/>
  </tags>
  <test-step result="SUCCESS" duration="15623">
    <description>Navigate to login page</description>
  </test-step>
  <test-step result="SUCCESS" duration="8197">
    <description>Login into apta as requisitionor</description>
  </test-step>
  <test-step result="SUCCESS" duration="5275">
    <description>Navigate to my apta fund</description>
  </test-step>
  <test-step result="SUCCESS" duration="11393">
    <description>Navigate to purchase requisition</description>
  </test-step>
  <test-step result="SUCCESS" duration="11293">
    <description>Add purchase requisiton</description>
  </test-step>
  <test-step result="SUCCESS" duration="16202">
    <description>Add suggested ordering vendor</description>
  </test-step>
  <test-step result="SUCCESS" duration="6596">
    <description>Add comments</description>
  </test-step>
  <test-step result="SUCCESS" duration="6084">
    <description>Save purchase requisition</description>
  </test-step>
  <test-step result="SUCCESS" duration="21242">
    <description>Get requisition number value</description>
  </test-step>
  <test-step result="SUCCESS" duration="8755">
    <description>Click add requested item</description>
  </test-step>
  <test-step result="SUCCESS" duration="3590">
    <description>Set unit price for line item</description>
  </test-step>
  <test-step result="SUCCESS" duration="6251">
    <description>Set account code</description>
  </test-step>
  <test-step result="SUCCESS" duration="141">
    <description>Set item description</description>
  </test-step>
  <test-step result="SUCCESS" duration="1244">
    <description>Save PR item line</description>
  </test-step>
  <test-step result="SUCCESS" duration="6204">
    <description>Close line item popup</description>
  </test-step>
  <test-step result="SUCCESS" duration="10324">
    <description>Submit PR</description>
  </test-step>
  <test-step result="SUCCESS" duration="9827">
    <description>Confirm submit</description>
  </test-step>
  <test-step result="SUCCESS" duration="5524">
    <description>Close PR pop up</description>
  </test-step>
  <test-step result="SUCCESS" duration="19973">
    <description>Logout application</description>
  </test-step>
  <test-step result="SUCCESS" duration="1432">
    <description>Navigate to login page</description>
  </test-step>
  <test-step result="SUCCESS" duration="6967">
    <description>Login into apta as approver1</description>
  </test-step>
  <test-step result="SUCCESS" duration="14286">
    <description>Navigate to my apta fund for app1</description>
  </test-step>
  <test-step result="SUCCESS" duration="11276">
    <description>Navigate to my PR approvals</description>
  </test-step>
  <test-step result="SUCCESS" duration="16393">
    <description>Search newly created PR for app1</description>
  </test-step>
  <test-step result="SUCCESS" duration="5551">
    <description>Apply check for search for app1</description>
  </test-step>
  <test-step result="SUCCESS" duration="8219">
    <description>Click disapprove using app1</description>
  </test-step>
  <test-step result="SUCCESS" duration="330">
    <description>Provide disapprove comments</description>
  </test-step>
  <test-step result="SUCCESS" duration="5192">
    <description>Click ok button after comments</description>
  </test-step>
  <test-step result="SUCCESS" duration="11289">
    <description>Logout application</description>
  </test-step>
  <test-step result="SUCCESS" duration="1421">
    <description>Navigate to login page</description>
  </test-step>
  <test-step result="SUCCESS" duration="6188">
    <description>Login into apta as requisitionor</description>
  </test-step>
  <test-step result="SUCCESS" duration="5240">
    <description>Navigate to my apta fund</description>
  </test-step>
  <test-step result="SUCCESS" duration="11685">
    <description>Navigate to purchase requisition</description>
  </test-step>
  <test-step result="SUCCESS" duration="8379">
    <description>Search newly created PR</description>
  </test-step>
  <test-step result="ERROR" duration="30403">
    <screenshots>
      <screenshot image="f12d6b4f997154b0e81964a24eef7cd9.png" source="pagesource53666222890427355.html.txt"/>
    </screenshots>
    <description>Apply check for search</description>
    <error>org.openqa.selenium.NoSuchElementException: Timed out after 25 seconds waiting for net.serenitybdd.core.pages.WebElementFacadeImpl$1@6684f7f2
Build info: version: &apos;2.53.0&apos;, revision: &apos;35ae25b1534ae328c771e0856c93e187490ca824&apos;, time: &apos;2016-03-15 10:43:46&apos;
System info: host: &apos;ShariqM-PC&apos;, ip: &apos;10.14.5.80&apos;, os.name: &apos;Windows 8.1&apos;, os.arch: &apos;amd64&apos;, os.version: &apos;6.3&apos;, java.version: &apos;1.8.0_45&apos;
Driver info: driver.version: unknown
For documentation on this error, please visit: http://seleniumhq.org/exceptions/no_such_element.html
Build info: version: &apos;2.53.0&apos;, revision: &apos;35ae25b1534ae328c771e0856c93e187490ca824&apos;, time: &apos;2016-03-15 10:43:46&apos;
System info: host: &apos;ShariqM-PC&apos;, ip: &apos;10.14.5.80&apos;, os.name: &apos;Windows 8.1&apos;, os.arch: &apos;amd64&apos;, os.version: &apos;6.3&apos;, java.version: &apos;1.8.0_45&apos;
Driver info: driver.version: unknown</error>
    <exception>org.openqa.selenium.NoSuchElementException:Timed out after 25 seconds waiting for net.serenitybdd.core.pages.WebElementFacadeImpl$1@6684f7f2
Build info: version: &apos;2.53.0&apos;, revision: &apos;35ae25b1534ae328c771e0856c93e187490ca824&apos;, time: &apos;2016-03-15 10:43:46&apos;
System info: host: &apos;ShariqM-PC&apos;, ip: &apos;10.14.5.80&apos;, os.name: &apos;Windows 8.1&apos;, os.arch: &apos;amd64&apos;, os.version: &apos;6.3&apos;, java.version: &apos;1.8.0_45&apos;
Driver info: driver.version: unknown
For documentation on this error, please visit: http://seleniumhq.org/exceptions/no_such_element.html
Build info: version: &apos;2.53.0&apos;, revision: &apos;35ae25b1534ae328c771e0856c93e187490ca824&apos;, time: &apos;2016-03-15 10:43:46&apos;
System info: host: &apos;ShariqM-PC&apos;, ip: &apos;10.14.5.80&apos;, os.name: &apos;Windows 8.1&apos;, os.arch: &apos;amd64&apos;, os.version: &apos;6.3&apos;, java.version: &apos;1.8.0_45&apos;
Driver info: driver.version: unknown&#xd;
[com.aptafund.test.pages.PurchasingAndPayables.PurchaseRequisitionPage.applyCheckToSelectRecord(PurchaseRequisitionPage.java:401), com.aptafund.test.steps.PurchasingAndPayables.PurchaseRequisitionSteps.applyCheckForSearch(PurchaseRequisitionSteps.java:123), com.aptafund.test.features.login.PurchasingAndPayables.PurchaseRequisitionTest.resubmitAfterDisapprovePurchaseRequisition(PurchaseRequisitionTest.java:685)]</exception>
  </test-step>
  <test-step result="SKIPPED" duration="0">
    <description>Submit PR</description>
  </test-step>
  <test-step result="SKIPPED" duration="0">
    <description>Confirm submit</description>
  </test-step>
</acceptance-test-run>