<acceptance-test-run title="App l2 purchase requisition without level1 approval" name="appL2PurchaseRequisitionWithoutLevel1Approval" steps="25" successful="10" failures="0" errors="1" skipped="14" ignored="0" pending="0" annotated-result="ERROR" result="ERROR" duration="188545" timestamp="2018-05-07T18:35:17.769+05:00" session-id="97231348-205f-42b6-99ab-aa8aa5a65292">
  <user-story id="com.aptafund.test.features.login.PurchasingAndPayables.PurchaseRequisitionTest" name="Purchase requisition test" path="com.aptafund.test.features.login.PurchasingAndPayables"/>
  <tags>
    <tag name="High" type="Priority"/>
    <tag name="Regression Level 2" type="release"/>
    <tag name="Purchase requisition test" type="story"/>
  </tags>
  <test-step result="SUCCESS" duration="30546">
    <description>Navigate to login page</description>
  </test-step>
  <test-step result="SUCCESS" duration="8151">
    <description>Login into apta as requisitionor</description>
  </test-step>
  <test-step result="SUCCESS" duration="5317">
    <description>Navigate to my apta fund</description>
  </test-step>
  <test-step result="SUCCESS" duration="12964">
    <description>Navigate to purchase requisition</description>
  </test-step>
  <test-step result="SUCCESS" duration="16319">
    <description>Add purchase requisiton</description>
  </test-step>
  <test-step result="SUCCESS" duration="12306">
    <description>Add suggested ordering vendor</description>
  </test-step>
  <test-step result="SUCCESS" duration="6422">
    <description>Add comments</description>
  </test-step>
  <test-step result="SUCCESS" duration="9127">
    <description>Save purchase requisition</description>
  </test-step>
  <test-step result="SUCCESS" duration="45399">
    <description>Get requisition number value</description>
  </test-step>
  <test-step result="SUCCESS" duration="9636">
    <description>Click add requested item</description>
  </test-step>
  <test-step result="ERROR" duration="32257">
    <screenshots>
      <screenshot image="7b8485abd70149754f1d1350ca8344f1.png" source="pagesource8975501568954960678.html.txt"/>
    </screenshots>
    <description>Set unit price for line item</description>
    <error>org.openqa.selenium.ElementNotVisibleException: Timed out after 15 seconds. Element not available
Build info: version: &apos;2.53.0&apos;, revision: &apos;35ae25b1534ae328c771e0856c93e187490ca824&apos;, time: &apos;2016-03-15 10:43:46&apos;
System info: host: &apos;ShariqM-PC&apos;, ip: &apos;10.14.5.80&apos;, os.name: &apos;Windows 8.1&apos;, os.arch: &apos;amd64&apos;, os.version: &apos;6.3&apos;, java.version: &apos;1.8.0_45&apos;
Driver info: driver.version: unknown</error>
    <exception>org.openqa.selenium.ElementNotVisibleException:Timed out after 15 seconds. Element not available
Build info: version: &apos;2.53.0&apos;, revision: &apos;35ae25b1534ae328c771e0856c93e187490ca824&apos;, time: &apos;2016-03-15 10:43:46&apos;
System info: host: &apos;ShariqM-PC&apos;, ip: &apos;10.14.5.80&apos;, os.name: &apos;Windows 8.1&apos;, os.arch: &apos;amd64&apos;, os.version: &apos;6.3&apos;, java.version: &apos;1.8.0_45&apos;
Driver info: driver.version: unknown&#xd;
[com.aptafund.test.pages.PurchasingAndPayables.PurchaseRequisitionPage.setUnitPrice(PurchaseRequisitionPage.java:599), com.aptafund.test.steps.PurchasingAndPayables.PurchaseRequisitionSteps.setUnitPriceForLineItem(PurchaseRequisitionSteps.java:213), com.aptafund.test.features.login.PurchasingAndPayables.PurchaseRequisitionTest.appL2PurchaseRequisitionWithoutLevel1Approval(PurchaseRequisitionTest.java:982)]</exception>
  </test-step>
  <test-step result="SKIPPED" duration="1">
    <description>Set account code</description>
  </test-step>
  <test-step result="SKIPPED" duration="1">
    <description>Set item description</description>
  </test-step>
  <test-step result="SKIPPED" duration="1">
    <description>Save PR item line</description>
  </test-step>
  <test-step result="SKIPPED" duration="0">
    <description>Close line item popup</description>
  </test-step>
  <test-step result="SKIPPED" duration="0">
    <description>Submit PR</description>
  </test-step>
  <test-step result="SKIPPED" duration="0">
    <description>Confirm submit</description>
  </test-step>
  <test-step result="SKIPPED" duration="0">
    <description>Close PR pop up</description>
  </test-step>
  <test-step result="SKIPPED" duration="0">
    <description>Logout application</description>
  </test-step>
  <test-step result="SKIPPED" duration="0">
    <description>Navigate to login page</description>
  </test-step>
  <test-step result="SKIPPED" duration="0">
    <description>Login into apta as approver2</description>
  </test-step>
  <test-step result="SKIPPED" duration="0">
    <description>Navigate to my apta fund for app2</description>
  </test-step>
  <test-step result="SKIPPED" duration="1">
    <description>Search newly created PR for app2</description>
  </test-step>
  <test-step result="SKIPPED" duration="0">
    <description>Apply check for search for app2</description>
  </test-step>
  <test-step result="SKIPPED" duration="0">
    <description>Click approve using app2</description>
  </test-step>
</acceptance-test-run>